{"/home/runner/work/astro-maskom/astro-maskom/src/data/packages.ts": {"path":"/home/runner/work/astro-maskom/astro-maskom/src/data/packages.ts","statementMap":{"0":{"start":{"line":30,"column":27},"end":{"line":33,"column":null}},"1":{"start":{"line":36,"column":38},"end":{"line":314,"column":null}},"2":{"start":{"line":318,"column":2},"end":{"line":318,"column":null}},"3":{"start":{"line":318,"column":35},"end":{"line":318,"column":60}},"4":{"start":{"line":322,"column":2},"end":{"line":322,"column":null}},"5":{"start":{"line":322,"column":35},"end":{"line":322,"column":52}},"6":{"start":{"line":326,"column":2},"end":{"line":326,"column":null}},"7":{"start":{"line":330,"column":2},"end":{"line":330,"column":null}},"8":{"start":{"line":330,"column":53},"end":{"line":330,"column":76}},"9":{"start":{"line":334,"column":2},"end":{"line":334,"column":null}},"10":{"start":{"line":334,"column":53},"end":{"line":334,"column":76}},"11":{"start":{"line":338,"column":2},"end":{"line":340,"column":null}},"12":{"start":{"line":339,"column":11},"end":{"line":339,"column":null}},"13":{"start":{"line":344,"column":2},"end":{"line":344,"column":null}},"14":{"start":{"line":348,"column":2},"end":{"line":348,"column":null}},"15":{"start":{"line":348,"column":35},"end":{"line":348,"column":47}},"16":{"start":{"line":352,"column":2},"end":{"line":352,"column":null}},"17":{"start":{"line":352,"column":35},"end":{"line":352,"column":46}},"18":{"start":{"line":356,"column":2},"end":{"line":356,"column":null}},"19":{"start":{"line":356,"column":33},"end":{"line":356,"column":46}},"20":{"start":{"line":360,"column":24},"end":{"line":360,"column":null}},"21":{"start":{"line":361,"column":34},"end":{"line":361,"column":null}},"22":{"start":{"line":362,"column":28},"end":{"line":362,"column":null}},"23":{"start":{"line":363,"column":33},"end":{"line":363,"column":null}},"24":{"start":{"line":364,"column":31},"end":{"line":364,"column":null}},"25":{"start":{"line":368,"column":2},"end":{"line":370,"column":null}},"26":{"start":{"line":369,"column":4},"end":{"line":369,"column":null}},"27":{"start":{"line":372,"column":14},"end":{"line":372,"column":null}},"28":{"start":{"line":373,"column":2},"end":{"line":384,"column":null}},"29":{"start":{"line":389,"column":2},"end":{"line":389,"column":null}}},"fnMap":{"0":{"name":"getPackagesByCategory","decl":{"start":{"line":317,"column":16},"end":{"line":317,"column":38}},"loc":{"start":{"line":317,"column":76},"end":{"line":319,"column":null}},"line":317},"1":{"name":"(anonymous_1)","decl":{"start":{"line":318,"column":28},"end":{"line":318,"column":35}},"loc":{"start":{"line":318,"column":35},"end":{"line":318,"column":60}},"line":318},"2":{"name":"getPackagesByType","decl":{"start":{"line":321,"column":16},"end":{"line":321,"column":34}},"loc":{"start":{"line":321,"column":64},"end":{"line":323,"column":null}},"line":321},"3":{"name":"(anonymous_3)","decl":{"start":{"line":322,"column":28},"end":{"line":322,"column":35}},"loc":{"start":{"line":322,"column":35},"end":{"line":322,"column":52}},"line":322},"4":{"name":"getMainPackages","decl":{"start":{"line":325,"column":16},"end":{"line":325,"column":45}},"loc":{"start":{"line":325,"column":45},"end":{"line":327,"column":null}},"line":325},"5":{"name":"getHomePackages","decl":{"start":{"line":329,"column":16},"end":{"line":329,"column":45}},"loc":{"start":{"line":329,"column":45},"end":{"line":331,"column":null}},"line":329},"6":{"name":"(anonymous_6)","decl":{"start":{"line":330,"column":46},"end":{"line":330,"column":53}},"loc":{"start":{"line":330,"column":53},"end":{"line":330,"column":76}},"line":330},"7":{"name":"getSohoPackages","decl":{"start":{"line":333,"column":16},"end":{"line":333,"column":45}},"loc":{"start":{"line":333,"column":45},"end":{"line":335,"column":null}},"line":333},"8":{"name":"(anonymous_8)","decl":{"start":{"line":334,"column":46},"end":{"line":334,"column":53}},"loc":{"start":{"line":334,"column":53},"end":{"line":334,"column":76}},"line":334},"9":{"name":"getCorporatePackages","decl":{"start":{"line":337,"column":16},"end":{"line":337,"column":50}},"loc":{"start":{"line":337,"column":50},"end":{"line":341,"column":null}},"line":337},"10":{"name":"(anonymous_10)","decl":{"start":{"line":339,"column":4},"end":{"line":339,"column":11}},"loc":{"start":{"line":339,"column":11},"end":{"line":339,"column":null}},"line":339},"11":{"name":"getLandingPackages","decl":{"start":{"line":343,"column":16},"end":{"line":343,"column":48}},"loc":{"start":{"line":343,"column":48},"end":{"line":345,"column":null}},"line":343},"12":{"name":"getFeaturedPackages","decl":{"start":{"line":347,"column":16},"end":{"line":347,"column":49}},"loc":{"start":{"line":347,"column":49},"end":{"line":349,"column":null}},"line":347},"13":{"name":"(anonymous_13)","decl":{"start":{"line":348,"column":28},"end":{"line":348,"column":35}},"loc":{"start":{"line":348,"column":35},"end":{"line":348,"column":47}},"line":348},"14":{"name":"getPopularPackages","decl":{"start":{"line":351,"column":16},"end":{"line":351,"column":48}},"loc":{"start":{"line":351,"column":48},"end":{"line":353,"column":null}},"line":351},"15":{"name":"(anonymous_15)","decl":{"start":{"line":352,"column":28},"end":{"line":352,"column":35}},"loc":{"start":{"line":352,"column":35},"end":{"line":352,"column":46}},"line":352},"16":{"name":"getPackageById","decl":{"start":{"line":355,"column":16},"end":{"line":355,"column":31}},"loc":{"start":{"line":355,"column":64},"end":{"line":357,"column":null}},"line":355},"17":{"name":"(anonymous_17)","decl":{"start":{"line":356,"column":26},"end":{"line":356,"column":33}},"loc":{"start":{"line":356,"column":33},"end":{"line":356,"column":46}},"line":356},"18":{"name":"validatePackage","decl":{"start":{"line":367,"column":16},"end":{"line":367,"column":32}},"loc":{"start":{"line":367,"column":62},"end":{"line":386,"column":null}},"line":367},"19":{"name":"validatePackages","decl":{"start":{"line":388,"column":16},"end":{"line":388,"column":33}},"loc":{"start":{"line":388,"column":75},"end":{"line":390,"column":null}},"line":388}},"branchMap":{"0":{"loc":{"start":{"line":368,"column":2},"end":{"line":370,"column":null}},"type":"if","locations":[{"start":{"line":368,"column":2},"end":{"line":370,"column":null}},{"start":{},"end":{}}],"line":368},"1":{"loc":{"start":{"line":368,"column":6},"end":{"line":368,"column":39}},"type":"binary-expr","locations":[{"start":{"line":368,"column":6},"end":{"line":368,"column":14}},{"start":{"line":368,"column":14},"end":{"line":368,"column":39}}],"line":368},"2":{"loc":{"start":{"line":374,"column":4},"end":{"line":384,"column":null}},"type":"binary-expr","locations":[{"start":{"line":374,"column":4},"end":{"line":374,"column":null}},{"start":{"line":375,"column":4},"end":{"line":375,"column":null}},{"start":{"line":376,"column":4},"end":{"line":376,"column":null}},{"start":{"line":377,"column":4},"end":{"line":377,"column":null}},{"start":{"line":378,"column":4},"end":{"line":378,"column":null}},{"start":{"line":379,"column":4},"end":{"line":379,"column":null}},{"start":{"line":380,"column":4},"end":{"line":380,"column":null}},{"start":{"line":381,"column":4},"end":{"line":381,"column":null}},{"start":{"line":382,"column":4},"end":{"line":382,"column":null}},{"start":{"line":383,"column":4},"end":{"line":383,"column":null}},{"start":{"line":384,"column":4},"end":{"line":384,"column":null}}],"line":374},"3":{"loc":{"start":{"line":389,"column":9},"end":{"line":389,"column":null}},"type":"binary-expr","locations":[{"start":{"line":389,"column":9},"end":{"line":389,"column":35}},{"start":{"line":389,"column":35},"end":{"line":389,"column":null}}],"line":389}},"s":{"0":1,"1":1,"2":9,"3":135,"4":6,"5":90,"6":3,"7":3,"8":12,"9":3,"10":12,"11":3,"12":12,"13":3,"14":1,"15":15,"16":1,"17":15,"18":2,"19":17,"20":1,"21":1,"22":1,"23":1,"24":1,"25":33,"26":1,"27":32,"28":32,"29":4},"f":{"0":9,"1":135,"2":6,"3":90,"4":3,"5":3,"6":12,"7":3,"8":12,"9":3,"10":12,"11":3,"12":1,"13":15,"14":1,"15":15,"16":2,"17":17,"18":33,"19":4},"b":{"0":[1,32],"1":[33,32],"2":[32,31,31,31,31,31,31,31,31,31,31],"3":[4,4]},"meta":{"lastBranch":4,"lastFunction":20,"lastStatement":30,"seen":{"s:30:27:33:Infinity":0,"s:36:38:314:Infinity":1,"f:317:16:317:38":0,"s:318:2:318:Infinity":2,"f:318:28:318:35":1,"s:318:35:318:60":3,"f:321:16:321:34":2,"s:322:2:322:Infinity":4,"f:322:28:322:35":3,"s:322:35:322:52":5,"f:325:16:325:45":4,"s:326:2:326:Infinity":6,"f:329:16:329:45":5,"s:330:2:330:Infinity":7,"f:330:46:330:53":6,"s:330:53:330:76":8,"f:333:16:333:45":7,"s:334:2:334:Infinity":9,"f:334:46:334:53":8,"s:334:53:334:76":10,"f:337:16:337:50":9,"s:338:2:340:Infinity":11,"f:339:4:339:11":10,"s:339:11:339:Infinity":12,"f:343:16:343:48":11,"s:344:2:344:Infinity":13,"f:347:16:347:49":12,"s:348:2:348:Infinity":14,"f:348:28:348:35":13,"s:348:35:348:47":15,"f:351:16:351:48":14,"s:352:2:352:Infinity":16,"f:352:28:352:35":15,"s:352:35:352:46":17,"f:355:16:355:31":16,"s:356:2:356:Infinity":18,"f:356:26:356:33":17,"s:356:33:356:46":19,"s:360:24:360:Infinity":20,"s:361:34:361:Infinity":21,"s:362:28:362:Infinity":22,"s:363:33:363:Infinity":23,"s:364:31:364:Infinity":24,"f:367:16:367:32":18,"b:368:2:370:Infinity:undefined:undefined:undefined:undefined":0,"s:368:2:370:Infinity":25,"b:368:6:368:14:368:14:368:39":1,"s:369:4:369:Infinity":26,"s:372:14:372:Infinity":27,"s:373:2:384:Infinity":28,"b:374:4:374:Infinity:375:4:375:Infinity:376:4:376:Infinity:377:4:377:Infinity:378:4:378:Infinity:379:4:379:Infinity:380:4:380:Infinity:381:4:381:Infinity:382:4:382:Infinity:383:4:383:Infinity:384:4:384:Infinity":2,"f:388:16:388:33":19,"s:389:2:389:Infinity":29,"b:389:9:389:35:389:35:389:Infinity":3}}}
,"/home/runner/work/astro-maskom/astro-maskom/src/lib/logger.ts": {"path":"/home/runner/work/astro-maskom/astro-maskom/src/lib/logger.ts","statementMap":{"0":{"start":{"line":1,"column":7},"end":{"line":1,"column":null}},"1":{"start":{"line":2,"column":2},"end":{"line":2,"column":null}},"2":{"start":{"line":3,"column":2},"end":{"line":3,"column":null}},"3":{"start":{"line":4,"column":2},"end":{"line":4,"column":null}},"4":{"start":{"line":5,"column":2},"end":{"line":5,"column":null}},"5":{"start":{"line":1,"column":12},"end":{"line":1,"column":null}},"6":{"start":{"line":39,"column":2},"end":{"line":39,"column":null}},"7":{"start":{"line":47,"column":4},"end":{"line":47,"column":null}},"8":{"start":{"line":48,"column":4},"end":{"line":48,"column":null}},"9":{"start":{"line":52,"column":21},"end":{"line":52,"column":null}},"10":{"start":{"line":53,"column":4},"end":{"line":58,"column":null}},"11":{"start":{"line":57,"column":6},"end":{"line":57,"column":null}},"12":{"start":{"line":59,"column":4},"end":{"line":59,"column":null}},"13":{"start":{"line":63,"column":19},"end":{"line":68,"column":null}},"14":{"start":{"line":69,"column":30},"end":{"line":69,"column":null}},"15":{"start":{"line":70,"column":30},"end":{"line":70,"column":null}},"16":{"start":{"line":71,"column":4},"end":{"line":71,"column":null}},"17":{"start":{"line":75,"column":23},"end":{"line":75,"column":null}},"18":{"start":{"line":76,"column":21},"end":{"line":78,"column":null}},"19":{"start":{"line":79,"column":4},"end":{"line":79,"column":null}},"20":{"start":{"line":88,"column":4},"end":{"line":90,"column":null}},"21":{"start":{"line":89,"column":6},"end":{"line":89,"column":null}},"22":{"start":{"line":92,"column":31},"end":{"line":104,"column":null}},"23":{"start":{"line":106,"column":25},"end":{"line":106,"column":null}},"24":{"start":{"line":108,"column":4},"end":{"line":135,"column":null}},"25":{"start":{"line":110,"column":6},"end":{"line":126,"column":null}},"26":{"start":{"line":112,"column":10},"end":{"line":112,"column":null}},"27":{"start":{"line":113,"column":10},"end":{"line":113,"column":null}},"28":{"start":{"line":115,"column":10},"end":{"line":115,"column":null}},"29":{"start":{"line":116,"column":10},"end":{"line":116,"column":null}},"30":{"start":{"line":118,"column":10},"end":{"line":118,"column":null}},"31":{"start":{"line":119,"column":10},"end":{"line":119,"column":null}},"32":{"start":{"line":121,"column":10},"end":{"line":121,"column":null}},"33":{"start":{"line":122,"column":10},"end":{"line":124,"column":null}},"34":{"start":{"line":123,"column":12},"end":{"line":123,"column":null}},"35":{"start":{"line":125,"column":10},"end":{"line":125,"column":null}},"36":{"start":{"line":130,"column":6},"end":{"line":134,"column":null}},"37":{"start":{"line":131,"column":8},"end":{"line":131,"column":null}},"38":{"start":{"line":133,"column":8},"end":{"line":133,"column":null}},"39":{"start":{"line":139,"column":4},"end":{"line":139,"column":null}},"40":{"start":{"line":143,"column":4},"end":{"line":143,"column":null}},"41":{"start":{"line":147,"column":4},"end":{"line":147,"column":null}},"42":{"start":{"line":151,"column":4},"end":{"line":151,"column":null}},"43":{"start":{"line":156,"column":21},"end":{"line":156,"column":null}},"44":{"start":{"line":157,"column":4},"end":{"line":157,"column":null}},"45":{"start":{"line":171,"column":4},"end":{"line":180,"column":null}},"46":{"start":{"line":173,"column":8},"end":{"line":173,"column":null}},"47":{"start":{"line":175,"column":8},"end":{"line":175,"column":null}},"48":{"start":{"line":177,"column":8},"end":{"line":177,"column":null}},"49":{"start":{"line":179,"column":8},"end":{"line":179,"column":null}},"50":{"start":{"line":188,"column":22},"end":{"line":188,"column":null}},"51":{"start":{"line":191,"column":19},"end":{"line":203,"column":null}},"52":{"start":{"line":193,"column":4},"end":{"line":193,"column":null}},"53":{"start":{"line":195,"column":4},"end":{"line":195,"column":null}},"54":{"start":{"line":197,"column":4},"end":{"line":197,"column":null}},"55":{"start":{"line":199,"column":4},"end":{"line":199,"column":null}},"56":{"start":{"line":201,"column":4},"end":{"line":201,"column":null}},"57":{"start":{"line":202,"column":34},"end":{"line":202,"column":null}}},"fnMap":{"0":{"name":"(anonymous_0)","decl":{"start":{"line":1,"column":7},"end":{"line":1,"column":12}},"loc":{"start":{"line":1,"column":7},"end":{"line":1,"column":null}},"line":1},"1":{"name":"generateRequestId","decl":{"start":{"line":38,"column":16},"end":{"line":38,"column":44}},"loc":{"start":{"line":38,"column":44},"end":{"line":40,"column":null}},"line":38},"2":{"name":"(anonymous_2)","decl":{"start":{"line":46,"column":2},"end":{"line":46,"column":16}},"loc":{"start":{"line":46,"column":16},"end":{"line":49,"column":null}},"line":46},"3":{"name":"(anonymous_3)","decl":{"start":{"line":51,"column":10},"end":{"line":51,"column":34}},"loc":{"start":{"line":51,"column":34},"end":{"line":60,"column":null}},"line":51},"4":{"name":"(anonymous_4)","decl":{"start":{"line":62,"column":10},"end":{"line":62,"column":20}},"loc":{"start":{"line":62,"column":46},"end":{"line":72,"column":null}},"line":62},"5":{"name":"(anonymous_5)","decl":{"start":{"line":74,"column":10},"end":{"line":74,"column":20}},"loc":{"start":{"line":74,"column":45},"end":{"line":80,"column":null}},"line":74},"6":{"name":"(anonymous_6)","decl":{"start":{"line":82,"column":10},"end":{"line":82,"column":null}},"loc":{"start":{"line":87,"column":10},"end":{"line":136,"column":null}},"line":87},"7":{"name":"(anonymous_7)","decl":{"start":{"line":138,"column":2},"end":{"line":138,"column":8}},"loc":{"start":{"line":138,"column":53},"end":{"line":140,"column":null}},"line":138},"8":{"name":"(anonymous_8)","decl":{"start":{"line":142,"column":2},"end":{"line":142,"column":7}},"loc":{"start":{"line":142,"column":52},"end":{"line":144,"column":null}},"line":142},"9":{"name":"(anonymous_9)","decl":{"start":{"line":146,"column":2},"end":{"line":146,"column":7}},"loc":{"start":{"line":146,"column":52},"end":{"line":148,"column":null}},"line":146},"10":{"name":"(anonymous_10)","decl":{"start":{"line":150,"column":2},"end":{"line":150,"column":8}},"loc":{"start":{"line":150,"column":68},"end":{"line":152,"column":null}},"line":150},"11":{"name":"(anonymous_11)","decl":{"start":{"line":155,"column":2},"end":{"line":155,"column":11}},"loc":{"start":{"line":155,"column":72},"end":{"line":158,"column":null}},"line":155},"12":{"name":"(anonymous_12)","decl":{"start":{"line":161,"column":2},"end":{"line":161,"column":8}},"loc":{"start":{"line":170,"column":4},"end":{"line":181,"column":null}},"line":170},"13":{"name":"(anonymous_13)","decl":{"start":{"line":172,"column":13},"end":{"line":172,"column":14}},"loc":{"start":{"line":173,"column":8},"end":{"line":173,"column":null}},"line":173},"14":{"name":"(anonymous_14)","decl":{"start":{"line":174,"column":12},"end":{"line":174,"column":13}},"loc":{"start":{"line":175,"column":8},"end":{"line":175,"column":null}},"line":175},"15":{"name":"(anonymous_15)","decl":{"start":{"line":176,"column":12},"end":{"line":176,"column":13}},"loc":{"start":{"line":177,"column":8},"end":{"line":177,"column":null}},"line":177},"16":{"name":"(anonymous_16)","decl":{"start":{"line":178,"column":13},"end":{"line":178,"column":14}},"loc":{"start":{"line":179,"column":8},"end":{"line":179,"column":null}},"line":179},"17":{"name":"(anonymous_17)","decl":{"start":{"line":192,"column":9},"end":{"line":192,"column":10}},"loc":{"start":{"line":193,"column":4},"end":{"line":193,"column":null}},"line":193},"18":{"name":"(anonymous_18)","decl":{"start":{"line":194,"column":8},"end":{"line":194,"column":9}},"loc":{"start":{"line":195,"column":4},"end":{"line":195,"column":null}},"line":195},"19":{"name":"(anonymous_19)","decl":{"start":{"line":196,"column":8},"end":{"line":196,"column":9}},"loc":{"start":{"line":197,"column":4},"end":{"line":197,"column":null}},"line":197},"20":{"name":"(anonymous_20)","decl":{"start":{"line":198,"column":9},"end":{"line":198,"column":10}},"loc":{"start":{"line":199,"column":4},"end":{"line":199,"column":null}},"line":199},"21":{"name":"(anonymous_21)","decl":{"start":{"line":200,"column":12},"end":{"line":200,"column":13}},"loc":{"start":{"line":201,"column":4},"end":{"line":201,"column":null}},"line":201},"22":{"name":"(anonymous_22)","decl":{"start":{"line":202,"column":9},"end":{"line":202,"column":10}},"loc":{"start":{"line":202,"column":34},"end":{"line":202,"column":null}},"line":202}},"branchMap":{"0":{"loc":{"start":{"line":1,"column":12},"end":{"line":1,"column":null}},"type":"binary-expr","locations":[{"start":{"line":1,"column":12},"end":{"line":1,"column":null}},{"start":{"line":1,"column":12},"end":{"line":1,"column":null}}],"line":1},"1":{"loc":{"start":{"line":53,"column":4},"end":{"line":58,"column":null}},"type":"if","locations":[{"start":{"line":53,"column":4},"end":{"line":58,"column":null}},{"start":{},"end":{}}],"line":53},"2":{"loc":{"start":{"line":54,"column":6},"end":{"line":55,"column":null}},"type":"binary-expr","locations":[{"start":{"line":54,"column":6},"end":{"line":54,"column":null}},{"start":{"line":55,"column":6},"end":{"line":55,"column":null}}],"line":54},"3":{"loc":{"start":{"line":59,"column":11},"end":{"line":59,"column":null}},"type":"cond-expr","locations":[{"start":{"line":59,"column":32},"end":{"line":59,"column":49}},{"start":{"line":59,"column":49},"end":{"line":59,"column":null}}],"line":59},"4":{"loc":{"start":{"line":75,"column":23},"end":{"line":75,"column":null}},"type":"cond-expr","locations":[{"start":{"line":75,"column":39},"end":{"line":75,"column":77}},{"start":{"line":75,"column":77},"end":{"line":75,"column":null}}],"line":75},"5":{"loc":{"start":{"line":76,"column":21},"end":{"line":78,"column":null}},"type":"cond-expr","locations":[{"start":{"line":77,"column":8},"end":{"line":77,"column":null}},{"start":{"line":78,"column":8},"end":{"line":78,"column":null}}],"line":76},"6":{"loc":{"start":{"line":88,"column":4},"end":{"line":90,"column":null}},"type":"if","locations":[{"start":{"line":88,"column":4},"end":{"line":90,"column":null}},{"start":{},"end":{}}],"line":88},"7":{"loc":{"start":{"line":97,"column":13},"end":{"line":103,"column":null}},"type":"cond-expr","locations":[{"start":{"line":98,"column":10},"end":{"line":102,"column":null}},{"start":{"line":103,"column":10},"end":{"line":103,"column":null}}],"line":97},"8":{"loc":{"start":{"line":101,"column":19},"end":{"line":101,"column":null}},"type":"cond-expr","locations":[{"start":{"line":101,"column":40},"end":{"line":101,"column":54}},{"start":{"line":101,"column":54},"end":{"line":101,"column":null}}],"line":101},"9":{"loc":{"start":{"line":108,"column":4},"end":{"line":135,"column":null}},"type":"if","locations":[{"start":{"line":108,"column":4},"end":{"line":135,"column":null}},{"start":{"line":127,"column":11},"end":{"line":135,"column":null}}],"line":108},"10":{"loc":{"start":{"line":110,"column":6},"end":{"line":126,"column":null}},"type":"switch","locations":[{"start":{"line":111,"column":8},"end":{"line":113,"column":null}},{"start":{"line":114,"column":8},"end":{"line":116,"column":null}},{"start":{"line":117,"column":8},"end":{"line":119,"column":null}},{"start":{"line":120,"column":8},"end":{"line":125,"column":null}}],"line":110},"11":{"loc":{"start":{"line":122,"column":10},"end":{"line":124,"column":null}},"type":"if","locations":[{"start":{"line":122,"column":10},"end":{"line":124,"column":null}},{"start":{},"end":{}}],"line":122},"12":{"loc":{"start":{"line":122,"column":14},"end":{"line":122,"column":36}},"type":"binary-expr","locations":[{"start":{"line":122,"column":14},"end":{"line":122,"column":23}},{"start":{"line":122,"column":23},"end":{"line":122,"column":36}}],"line":122},"13":{"loc":{"start":{"line":130,"column":6},"end":{"line":134,"column":null}},"type":"if","locations":[{"start":{"line":130,"column":6},"end":{"line":134,"column":null}},{"start":{"line":132,"column":13},"end":{"line":134,"column":null}}],"line":130},"14":{"loc":{"start":{"line":156,"column":21},"end":{"line":156,"column":null}},"type":"cond-expr","locations":[{"start":{"line":156,"column":46},"end":{"line":156,"column":54}},{"start":{"line":156,"column":54},"end":{"line":156,"column":null}}],"line":156}},"s":{"0":1,"1":1,"2":1,"3":1,"4":1,"5":1,"6":0,"7":8,"8":8,"9":8,"10":8,"11":8,"12":0,"13":9,"14":9,"15":9,"16":9,"17":6,"18":6,"19":6,"20":9,"21":3,"22":6,"23":9,"24":9,"25":6,"26":1,"27":1,"28":1,"29":1,"30":1,"31":1,"32":3,"33":3,"34":2,"35":3,"36":0,"37":0,"38":0,"39":2,"40":2,"41":2,"42":3,"43":1,"44":1,"45":0,"46":0,"47":0,"48":0,"49":0,"50":1,"51":1,"52":0,"53":0,"54":0,"55":0,"56":0,"57":0},"f":{"0":1,"1":0,"2":8,"3":8,"4":9,"5":6,"6":9,"7":2,"8":2,"9":2,"10":3,"11":1,"12":0,"13":0,"14":0,"15":0,"16":0,"17":0,"18":0,"19":0,"20":0,"21":0,"22":0},"b":{"0":[1,1],"1":[8,0],"2":[8,8],"3":[0,0],"4":[1,5],"5":[2,4],"6":[3,6],"7":[2,4],"8":[2,0],"9":[6,0],"10":[1,1,1,3],"11":[2,1],"12":[3,2],"13":[0,0],"14":[0,1]},"meta":{"lastBranch":15,"lastFunction":23,"lastStatement":58,"seen":{"s:1:7:1:Infinity":0,"f:1:7:1:12":0,"s:2:2:2:Infinity":1,"s:3:2:3:Infinity":2,"s:4:2:4:Infinity":3,"s:5:2:5:Infinity":4,"s:1:12:1:Infinity":5,"b:1:12:1:Infinity:1:12:1:Infinity":0,"f:38:16:38:44":1,"s:39:2:39:Infinity":6,"f:46:2:46:16":2,"s:47:4:47:Infinity":7,"s:48:4:48:Infinity":8,"f:51:10:51:34":3,"s:52:21:52:Infinity":9,"b:53:4:58:Infinity:undefined:undefined:undefined:undefined":1,"s:53:4:58:Infinity":10,"b:54:6:54:Infinity:55:6:55:Infinity":2,"s:57:6:57:Infinity":11,"s:59:4:59:Infinity":12,"b:59:32:59:49:59:49:59:Infinity":3,"f:62:10:62:20":4,"s:63:19:68:Infinity":13,"s:69:30:69:Infinity":14,"s:70:30:70:Infinity":15,"s:71:4:71:Infinity":16,"f:74:10:74:20":5,"s:75:23:75:Infinity":17,"b:75:39:75:77:75:77:75:Infinity":4,"s:76:21:78:Infinity":18,"b:77:8:77:Infinity:78:8:78:Infinity":5,"s:79:4:79:Infinity":19,"f:82:10:82:Infinity":6,"b:88:4:90:Infinity:undefined:undefined:undefined:undefined":6,"s:88:4:90:Infinity":20,"s:89:6:89:Infinity":21,"s:92:31:104:Infinity":22,"b:98:10:102:Infinity:103:10:103:Infinity":7,"b:101:40:101:54:101:54:101:Infinity":8,"s:106:25:106:Infinity":23,"b:108:4:135:Infinity:127:11:135:Infinity":9,"s:108:4:135:Infinity":24,"b:111:8:113:Infinity:114:8:116:Infinity:117:8:119:Infinity:120:8:125:Infinity":10,"s:110:6:126:Infinity":25,"s:112:10:112:Infinity":26,"s:113:10:113:Infinity":27,"s:115:10:115:Infinity":28,"s:116:10:116:Infinity":29,"s:118:10:118:Infinity":30,"s:119:10:119:Infinity":31,"s:121:10:121:Infinity":32,"b:122:10:124:Infinity:undefined:undefined:undefined:undefined":11,"s:122:10:124:Infinity":33,"b:122:14:122:23:122:23:122:36":12,"s:123:12:123:Infinity":34,"s:125:10:125:Infinity":35,"b:130:6:134:Infinity:132:13:134:Infinity":13,"s:130:6:134:Infinity":36,"s:131:8:131:Infinity":37,"s:133:8:133:Infinity":38,"f:138:2:138:8":7,"s:139:4:139:Infinity":39,"f:142:2:142:7":8,"s:143:4:143:Infinity":40,"f:146:2:146:7":9,"s:147:4:147:Infinity":41,"f:150:2:150:8":10,"s:151:4:151:Infinity":42,"f:155:2:155:11":11,"s:156:21:156:Infinity":43,"b:156:46:156:54:156:54:156:Infinity":14,"s:157:4:157:Infinity":44,"f:161:2:161:8":12,"s:171:4:180:Infinity":45,"f:172:13:172:14":13,"s:173:8:173:Infinity":46,"f:174:12:174:13":14,"s:175:8:175:Infinity":47,"f:176:12:176:13":15,"s:177:8:177:Infinity":48,"f:178:13:178:14":16,"s:179:8:179:Infinity":49,"s:188:22:188:Infinity":50,"s:191:19:203:Infinity":51,"f:192:9:192:10":17,"s:193:4:193:Infinity":52,"f:194:8:194:9":18,"s:195:4:195:Infinity":53,"f:196:8:196:9":19,"s:197:4:197:Infinity":54,"f:198:9:198:10":20,"s:199:4:199:Infinity":55,"f:200:12:200:13":21,"s:201:4:201:Infinity":56,"f:202:9:202:10":22,"s:202:34:202:Infinity":57}}}
,"/home/runner/work/astro-maskom/astro-maskom/src/lib/notifications/outage-service.ts": {"path":"/home/runner/work/astro-maskom/astro-maskom/src/lib/notifications/outage-service.ts","statementMap":{"0":{"start":{"line":30,"column":2},"end":{"line":33,"column":null}},"1":{"start":{"line":39,"column":4},"end":{"line":58,"column":null}},"2":{"start":{"line":40,"column":30},"end":{"line":44,"column":null}},"3":{"start":{"line":46,"column":6},"end":{"line":46,"column":null}},"4":{"start":{"line":46,"column":17},"end":{"line":46,"column":null}},"5":{"start":{"line":49,"column":6},"end":{"line":49,"column":null}},"6":{"start":{"line":51,"column":6},"end":{"line":51,"column":null}},"7":{"start":{"line":53,"column":6},"end":{"line":56,"column":null}},"8":{"start":{"line":57,"column":6},"end":{"line":57,"column":null}},"9":{"start":{"line":66,"column":4},"end":{"line":86,"column":null}},"10":{"start":{"line":67,"column":30},"end":{"line":72,"column":null}},"11":{"start":{"line":74,"column":6},"end":{"line":74,"column":null}},"12":{"start":{"line":74,"column":17},"end":{"line":74,"column":null}},"13":{"start":{"line":77,"column":6},"end":{"line":77,"column":null}},"14":{"start":{"line":79,"column":6},"end":{"line":79,"column":null}},"15":{"start":{"line":81,"column":6},"end":{"line":84,"column":null}},"16":{"start":{"line":85,"column":6},"end":{"line":85,"column":null}},"17":{"start":{"line":91,"column":4},"end":{"line":105,"column":null}},"18":{"start":{"line":92,"column":30},"end":{"line":96,"column":null}},"19":{"start":{"line":98,"column":6},"end":{"line":98,"column":null}},"20":{"start":{"line":98,"column":17},"end":{"line":98,"column":null}},"21":{"start":{"line":99,"column":6},"end":{"line":99,"column":null}},"22":{"start":{"line":101,"column":6},"end":{"line":103,"column":null}},"23":{"start":{"line":104,"column":6},"end":{"line":104,"column":null}},"24":{"start":{"line":110,"column":4},"end":{"line":124,"column":null}},"25":{"start":{"line":111,"column":30},"end":{"line":115,"column":null}},"26":{"start":{"line":117,"column":6},"end":{"line":117,"column":null}},"27":{"start":{"line":117,"column":17},"end":{"line":117,"column":null}},"28":{"start":{"line":118,"column":6},"end":{"line":118,"column":null}},"29":{"start":{"line":120,"column":6},"end":{"line":122,"column":null}},"30":{"start":{"line":123,"column":6},"end":{"line":123,"column":null}},"31":{"start":{"line":131,"column":4},"end":{"line":159,"column":null}},"32":{"start":{"line":132,"column":30},"end":{"line":136,"column":null}},"33":{"start":{"line":138,"column":6},"end":{"line":141,"column":null}},"34":{"start":{"line":140,"column":8},"end":{"line":140,"column":null}},"35":{"start":{"line":144,"column":6},"end":{"line":146,"column":null}},"36":{"start":{"line":145,"column":8},"end":{"line":145,"column":null}},"37":{"start":{"line":148,"column":6},"end":{"line":148,"column":null}},"38":{"start":{"line":150,"column":6},"end":{"line":157,"column":null}},"39":{"start":{"line":158,"column":6},"end":{"line":158,"column":null}},"40":{"start":{"line":166,"column":4},"end":{"line":199,"column":null}},"41":{"start":{"line":167,"column":27},"end":{"line":179,"column":null}},"42":{"start":{"line":181,"column":30},"end":{"line":185,"column":null}},"43":{"start":{"line":187,"column":6},"end":{"line":187,"column":null}},"44":{"start":{"line":187,"column":17},"end":{"line":187,"column":null}},"45":{"start":{"line":188,"column":6},"end":{"line":188,"column":null}},"46":{"start":{"line":190,"column":6},"end":{"line":197,"column":null}},"47":{"start":{"line":198,"column":6},"end":{"line":198,"column":null}},"48":{"start":{"line":207,"column":4},"end":{"line":227,"column":null}},"49":{"start":{"line":208,"column":30},"end":{"line":213,"column":null}},"50":{"start":{"line":215,"column":6},"end":{"line":215,"column":null}},"51":{"start":{"line":215,"column":17},"end":{"line":215,"column":null}},"52":{"start":{"line":216,"column":6},"end":{"line":216,"column":null}},"53":{"start":{"line":218,"column":6},"end":{"line":225,"column":null}},"54":{"start":{"line":226,"column":6},"end":{"line":226,"column":null}},"55":{"start":{"line":235,"column":4},"end":{"line":256,"column":null}},"56":{"start":{"line":236,"column":30},"end":{"line":242,"column":null}},"57":{"start":{"line":244,"column":6},"end":{"line":246,"column":null}},"58":{"start":{"line":245,"column":8},"end":{"line":245,"column":null}},"59":{"start":{"line":248,"column":6},"end":{"line":248,"column":null}},"60":{"start":{"line":250,"column":6},"end":{"line":254,"column":null}},"61":{"start":{"line":255,"column":6},"end":{"line":255,"column":null}},"62":{"start":{"line":264,"column":4},"end":{"line":297,"column":null}},"63":{"start":{"line":266,"column":55},"end":{"line":270,"column":null}},"64":{"start":{"line":272,"column":6},"end":{"line":274,"column":null}},"65":{"start":{"line":273,"column":8},"end":{"line":273,"column":null}},"66":{"start":{"line":278,"column":8},"end":{"line":281,"column":null}},"67":{"start":{"line":283,"column":6},"end":{"line":285,"column":null}},"68":{"start":{"line":284,"column":8},"end":{"line":284,"column":null}},"69":{"start":{"line":288,"column":6},"end":{"line":290,"column":null}},"70":{"start":{"line":289,"column":8},"end":{"line":289,"column":null}},"71":{"start":{"line":292,"column":6},"end":{"line":296,"column":null}},"72":{"start":{"line":306,"column":4},"end":{"line":337,"column":null}},"73":{"start":{"line":308,"column":20},"end":{"line":308,"column":null}},"74":{"start":{"line":309,"column":6},"end":{"line":311,"column":null}},"75":{"start":{"line":310,"column":8},"end":{"line":310,"column":null}},"76":{"start":{"line":314,"column":67},"end":{"line":319,"column":null}},"77":{"start":{"line":321,"column":6},"end":{"line":330,"column":null}},"78":{"start":{"line":322,"column":8},"end":{"line":329,"column":null}},"79":{"start":{"line":323,"column":10},"end":{"line":328,"column":null}},"80":{"start":{"line":332,"column":6},"end":{"line":336,"column":null}},"81":{"start":{"line":347,"column":4},"end":{"line":360,"column":null}},"82":{"start":{"line":349,"column":8},"end":{"line":349,"column":null}},"83":{"start":{"line":349,"column":40},"end":{"line":349,"column":null}},"84":{"start":{"line":350,"column":8},"end":{"line":350,"column":null}},"85":{"start":{"line":352,"column":8},"end":{"line":352,"column":null}},"86":{"start":{"line":352,"column":61},"end":{"line":352,"column":null}},"87":{"start":{"line":353,"column":8},"end":{"line":353,"column":null}},"88":{"start":{"line":355,"column":8},"end":{"line":355,"column":null}},"89":{"start":{"line":355,"column":41},"end":{"line":355,"column":null}},"90":{"start":{"line":356,"column":8},"end":{"line":356,"column":null}},"91":{"start":{"line":358,"column":8},"end":{"line":358,"column":null}},"92":{"start":{"line":358,"column":39},"end":{"line":358,"column":null}},"93":{"start":{"line":359,"column":8},"end":{"line":359,"column":null}},"94":{"start":{"line":363,"column":27},"end":{"line":363,"column":null}},"95":{"start":{"line":364,"column":25},"end":{"line":364,"column":null}},"96":{"start":{"line":365,"column":24},"end":{"line":365,"column":null}},"97":{"start":{"line":367,"column":4},"end":{"line":369,"column":null}},"98":{"start":{"line":368,"column":6},"end":{"line":368,"column":null}},"99":{"start":{"line":372,"column":4},"end":{"line":387,"column":null}},"100":{"start":{"line":377,"column":18},"end":{"line":377,"column":null}},"101":{"start":{"line":378,"column":26},"end":{"line":378,"column":null}},"102":{"start":{"line":381,"column":6},"end":{"line":386,"column":null}},"103":{"start":{"line":385,"column":8},"end":{"line":385,"column":null}},"104":{"start":{"line":389,"column":4},"end":{"line":389,"column":null}},"105":{"start":{"line":399,"column":4},"end":{"line":469,"column":null}},"106":{"start":{"line":401,"column":23},"end":{"line":404,"column":null}},"107":{"start":{"line":405,"column":6},"end":{"line":411,"column":null}},"108":{"start":{"line":406,"column":8},"end":{"line":409,"column":null}},"109":{"start":{"line":410,"column":8},"end":{"line":410,"column":null}},"110":{"start":{"line":414,"column":24},"end":{"line":426,"column":null}},"111":{"start":{"line":429,"column":29},"end":{"line":432,"column":null}},"112":{"start":{"line":433,"column":24},"end":{"line":433,"column":null}},"113":{"start":{"line":437,"column":8},"end":{"line":448,"column":null}},"114":{"start":{"line":450,"column":6},"end":{"line":452,"column":null}},"115":{"start":{"line":451,"column":8},"end":{"line":451,"column":null}},"116":{"start":{"line":455,"column":6},"end":{"line":461,"column":null}},"117":{"start":{"line":456,"column":8},"end":{"line":460,"column":null}},"118":{"start":{"line":463,"column":6},"end":{"line":468,"column":null}},"119":{"start":{"line":478,"column":4},"end":{"line":529,"column":null}},"120":{"start":{"line":479,"column":20},"end":{"line":479,"column":null}},"121":{"start":{"line":482,"column":6},"end":{"line":507,"column":null}},"122":{"start":{"line":486,"column":10},"end":{"line":486,"column":null}},"123":{"start":{"line":487,"column":10},"end":{"line":487,"column":null}},"124":{"start":{"line":491,"column":10},"end":{"line":491,"column":null}},"125":{"start":{"line":492,"column":10},"end":{"line":492,"column":null}},"126":{"start":{"line":495,"column":10},"end":{"line":495,"column":null}},"127":{"start":{"line":496,"column":10},"end":{"line":496,"column":null}},"128":{"start":{"line":500,"column":10},"end":{"line":500,"column":null}},"129":{"start":{"line":501,"column":10},"end":{"line":501,"column":null}},"130":{"start":{"line":504,"column":10},"end":{"line":504,"column":null}},"131":{"start":{"line":505,"column":10},"end":{"line":505,"column":null}},"132":{"start":{"line":506,"column":10},"end":{"line":506,"column":null}},"133":{"start":{"line":511,"column":8},"end":{"line":514,"column":null}},"134":{"start":{"line":516,"column":6},"end":{"line":518,"column":null}},"135":{"start":{"line":517,"column":8},"end":{"line":517,"column":null}},"136":{"start":{"line":520,"column":6},"end":{"line":523,"column":null}},"137":{"start":{"line":525,"column":6},"end":{"line":528,"column":null}},"138":{"start":{"line":537,"column":19},"end":{"line":537,"column":null}},"139":{"start":{"line":539,"column":4},"end":{"line":542,"column":null}},"140":{"start":{"line":540,"column":26},"end":{"line":540,"column":null}},"141":{"start":{"line":541,"column":6},"end":{"line":541,"column":null}},"142":{"start":{"line":544,"column":4},"end":{"line":544,"column":null}},"143":{"start":{"line":553,"column":4},"end":{"line":583,"column":null}},"144":{"start":{"line":554,"column":20},"end":{"line":568,"column":null}},"145":{"start":{"line":573,"column":30},"end":{"line":573,"column":null}},"146":{"start":{"line":575,"column":6},"end":{"line":575,"column":null}},"147":{"start":{"line":575,"column":17},"end":{"line":575,"column":null}},"148":{"start":{"line":576,"column":6},"end":{"line":576,"column":null}},"149":{"start":{"line":578,"column":6},"end":{"line":581,"column":null}},"150":{"start":{"line":582,"column":6},"end":{"line":582,"column":null}},"151":{"start":{"line":593,"column":4},"end":{"line":595,"column":null}},"152":{"start":{"line":596,"column":4},"end":{"line":596,"column":null}},"153":{"start":{"line":600,"column":41},"end":{"line":600,"column":null}}},"fnMap":{"0":{"name":"(anonymous_0)","decl":{"start":{"line":29,"column":0},"end":{"line":29,"column":6}},"loc":{"start":{"line":29,"column":0},"end":{"line":33,"column":null}},"line":29},"1":{"name":"(anonymous_1)","decl":{"start":{"line":36,"column":8},"end":{"line":36,"column":null}},"loc":{"start":{"line":38,"column":33},"end":{"line":59,"column":null}},"line":38},"2":{"name":"(anonymous_2)","decl":{"start":{"line":62,"column":8},"end":{"line":62,"column":null}},"loc":{"start":{"line":65,"column":33},"end":{"line":87,"column":null}},"line":65},"3":{"name":"(anonymous_3)","decl":{"start":{"line":90,"column":8},"end":{"line":90,"column":56}},"loc":{"start":{"line":90,"column":56},"end":{"line":106,"column":null}},"line":90},"4":{"name":"(anonymous_4)","decl":{"start":{"line":109,"column":8},"end":{"line":109,"column":27}},"loc":{"start":{"line":109,"column":63},"end":{"line":125,"column":null}},"line":109},"5":{"name":"(anonymous_5)","decl":{"start":{"line":128,"column":8},"end":{"line":128,"column":null}},"loc":{"start":{"line":130,"column":53},"end":{"line":160,"column":null}},"line":130},"6":{"name":"(anonymous_6)","decl":{"start":{"line":163,"column":8},"end":{"line":163,"column":null}},"loc":{"start":{"line":165,"column":53},"end":{"line":200,"column":null}},"line":165},"7":{"name":"(anonymous_7)","decl":{"start":{"line":203,"column":8},"end":{"line":203,"column":null}},"loc":{"start":{"line":206,"column":53},"end":{"line":228,"column":null}},"line":206},"8":{"name":"(anonymous_8)","decl":{"start":{"line":231,"column":8},"end":{"line":231,"column":null}},"loc":{"start":{"line":234,"column":42},"end":{"line":257,"column":null}},"line":234},"9":{"name":"(anonymous_9)","decl":{"start":{"line":260,"column":16},"end":{"line":260,"column":null}},"loc":{"start":{"line":263,"column":19},"end":{"line":298,"column":null}},"line":263},"10":{"name":"(anonymous_10)","decl":{"start":{"line":301,"column":16},"end":{"line":301,"column":null}},"loc":{"start":{"line":305,"column":19},"end":{"line":338,"column":null}},"line":305},"11":{"name":"(anonymous_11)","decl":{"start":{"line":341,"column":16},"end":{"line":341,"column":null}},"loc":{"start":{"line":345,"column":22},"end":{"line":390,"column":null}},"line":345},"12":{"name":"(anonymous_12)","decl":{"start":{"line":393,"column":16},"end":{"line":393,"column":null}},"loc":{"start":{"line":398,"column":19},"end":{"line":470,"column":null}},"line":398},"13":{"name":"(anonymous_13)","decl":{"start":{"line":473,"column":16},"end":{"line":473,"column":null}},"loc":{"start":{"line":477,"column":19},"end":{"line":530,"column":null}},"line":477},"14":{"name":"(anonymous_14)","decl":{"start":{"line":533,"column":10},"end":{"line":533,"column":null}},"loc":{"start":{"line":536,"column":12},"end":{"line":545,"column":null}},"line":536},"15":{"name":"(anonymous_15)","decl":{"start":{"line":548,"column":8},"end":{"line":548,"column":null}},"loc":{"start":{"line":552,"column":35},"end":{"line":584,"column":null}},"line":552},"16":{"name":"(anonymous_16)","decl":{"start":{"line":587,"column":8},"end":{"line":587,"column":null}},"loc":{"start":{"line":590,"column":22},"end":{"line":597,"column":null}},"line":590}},"branchMap":{"0":{"loc":{"start":{"line":46,"column":6},"end":{"line":46,"column":null}},"type":"if","locations":[{"start":{"line":46,"column":6},"end":{"line":46,"column":null}},{"start":{},"end":{}}],"line":46},"1":{"loc":{"start":{"line":74,"column":6},"end":{"line":74,"column":null}},"type":"if","locations":[{"start":{"line":74,"column":6},"end":{"line":74,"column":null}},{"start":{},"end":{}}],"line":74},"2":{"loc":{"start":{"line":98,"column":6},"end":{"line":98,"column":null}},"type":"if","locations":[{"start":{"line":98,"column":6},"end":{"line":98,"column":null}},{"start":{},"end":{}}],"line":98},"3":{"loc":{"start":{"line":99,"column":13},"end":{"line":99,"column":null}},"type":"binary-expr","locations":[{"start":{"line":99,"column":13},"end":{"line":99,"column":21}},{"start":{"line":99,"column":21},"end":{"line":99,"column":null}}],"line":99},"4":{"loc":{"start":{"line":109,"column":27},"end":{"line":109,"column":63}},"type":"default-arg","locations":[{"start":{"line":109,"column":35},"end":{"line":109,"column":63}}],"line":109},"5":{"loc":{"start":{"line":117,"column":6},"end":{"line":117,"column":null}},"type":"if","locations":[{"start":{"line":117,"column":6},"end":{"line":117,"column":null}},{"start":{},"end":{}}],"line":117},"6":{"loc":{"start":{"line":118,"column":13},"end":{"line":118,"column":null}},"type":"binary-expr","locations":[{"start":{"line":118,"column":13},"end":{"line":118,"column":21}},{"start":{"line":118,"column":21},"end":{"line":118,"column":null}}],"line":118},"7":{"loc":{"start":{"line":138,"column":6},"end":{"line":141,"column":null}},"type":"if","locations":[{"start":{"line":138,"column":6},"end":{"line":141,"column":null}},{"start":{},"end":{}}],"line":138},"8":{"loc":{"start":{"line":138,"column":10},"end":{"line":138,"column":46}},"type":"binary-expr","locations":[{"start":{"line":138,"column":10},"end":{"line":138,"column":19}},{"start":{"line":138,"column":19},"end":{"line":138,"column":46}}],"line":138},"9":{"loc":{"start":{"line":144,"column":6},"end":{"line":146,"column":null}},"type":"if","locations":[{"start":{"line":144,"column":6},"end":{"line":146,"column":null}},{"start":{},"end":{}}],"line":144},"10":{"loc":{"start":{"line":187,"column":6},"end":{"line":187,"column":null}},"type":"if","locations":[{"start":{"line":187,"column":6},"end":{"line":187,"column":null}},{"start":{},"end":{}}],"line":187},"11":{"loc":{"start":{"line":215,"column":6},"end":{"line":215,"column":null}},"type":"if","locations":[{"start":{"line":215,"column":6},"end":{"line":215,"column":null}},{"start":{},"end":{}}],"line":215},"12":{"loc":{"start":{"line":244,"column":6},"end":{"line":246,"column":null}},"type":"if","locations":[{"start":{"line":244,"column":6},"end":{"line":246,"column":null}},{"start":{},"end":{}}],"line":244},"13":{"loc":{"start":{"line":244,"column":10},"end":{"line":244,"column":46}},"type":"binary-expr","locations":[{"start":{"line":244,"column":10},"end":{"line":244,"column":19}},{"start":{"line":244,"column":19},"end":{"line":244,"column":46}}],"line":244},"14":{"loc":{"start":{"line":272,"column":6},"end":{"line":274,"column":null}},"type":"if","locations":[{"start":{"line":272,"column":6},"end":{"line":274,"column":null}},{"start":{},"end":{}}],"line":272},"15":{"loc":{"start":{"line":272,"column":10},"end":{"line":272,"column":38}},"type":"binary-expr","locations":[{"start":{"line":272,"column":10},"end":{"line":272,"column":24}},{"start":{"line":272,"column":24},"end":{"line":272,"column":38}}],"line":272},"16":{"loc":{"start":{"line":283,"column":6},"end":{"line":285,"column":null}},"type":"if","locations":[{"start":{"line":283,"column":6},"end":{"line":285,"column":null}},{"start":{},"end":{}}],"line":283},"17":{"loc":{"start":{"line":288,"column":25},"end":{"line":288,"column":46}},"type":"binary-expr","locations":[{"start":{"line":288,"column":25},"end":{"line":288,"column":42}},{"start":{"line":288,"column":42},"end":{"line":288,"column":46}}],"line":288},"18":{"loc":{"start":{"line":309,"column":6},"end":{"line":311,"column":null}},"type":"if","locations":[{"start":{"line":309,"column":6},"end":{"line":311,"column":null}},{"start":{},"end":{}}],"line":309},"19":{"loc":{"start":{"line":309,"column":10},"end":{"line":309,"column":49}},"type":"binary-expr","locations":[{"start":{"line":309,"column":10},"end":{"line":309,"column":20}},{"start":{"line":309,"column":20},"end":{"line":309,"column":49}}],"line":309},"20":{"loc":{"start":{"line":322,"column":8},"end":{"line":329,"column":null}},"type":"if","locations":[{"start":{"line":322,"column":8},"end":{"line":329,"column":null}},{"start":{},"end":{}}],"line":322},"21":{"loc":{"start":{"line":347,"column":4},"end":{"line":360,"column":null}},"type":"switch","locations":[{"start":{"line":348,"column":6},"end":{"line":350,"column":null}},{"start":{"line":351,"column":6},"end":{"line":353,"column":null}},{"start":{"line":354,"column":6},"end":{"line":356,"column":null}},{"start":{"line":357,"column":6},"end":{"line":359,"column":null}}],"line":347},"22":{"loc":{"start":{"line":349,"column":8},"end":{"line":349,"column":null}},"type":"if","locations":[{"start":{"line":349,"column":8},"end":{"line":349,"column":null}},{"start":{},"end":{}}],"line":349},"23":{"loc":{"start":{"line":352,"column":8},"end":{"line":352,"column":null}},"type":"if","locations":[{"start":{"line":352,"column":8},"end":{"line":352,"column":null}},{"start":{},"end":{}}],"line":352},"24":{"loc":{"start":{"line":352,"column":12},"end":{"line":352,"column":61}},"type":"binary-expr","locations":[{"start":{"line":352,"column":12},"end":{"line":352,"column":40}},{"start":{"line":352,"column":40},"end":{"line":352,"column":61}}],"line":352},"25":{"loc":{"start":{"line":355,"column":8},"end":{"line":355,"column":null}},"type":"if","locations":[{"start":{"line":355,"column":8},"end":{"line":355,"column":null}},{"start":{},"end":{}}],"line":355},"26":{"loc":{"start":{"line":358,"column":8},"end":{"line":358,"column":null}},"type":"if","locations":[{"start":{"line":358,"column":8},"end":{"line":358,"column":null}},{"start":{},"end":{}}],"line":358},"27":{"loc":{"start":{"line":367,"column":4},"end":{"line":369,"column":null}},"type":"if","locations":[{"start":{"line":367,"column":4},"end":{"line":369,"column":null}},{"start":{},"end":{}}],"line":367},"28":{"loc":{"start":{"line":372,"column":4},"end":{"line":387,"column":null}},"type":"if","locations":[{"start":{"line":372,"column":4},"end":{"line":387,"column":null}},{"start":{},"end":{}}],"line":372},"29":{"loc":{"start":{"line":373,"column":6},"end":{"line":375,"column":null}},"type":"binary-expr","locations":[{"start":{"line":373,"column":6},"end":{"line":373,"column":null}},{"start":{"line":374,"column":6},"end":{"line":374,"column":null}},{"start":{"line":375,"column":6},"end":{"line":375,"column":null}}],"line":373},"30":{"loc":{"start":{"line":381,"column":6},"end":{"line":386,"column":null}},"type":"if","locations":[{"start":{"line":381,"column":6},"end":{"line":386,"column":null}},{"start":{},"end":{}}],"line":381},"31":{"loc":{"start":{"line":382,"column":8},"end":{"line":383,"column":null}},"type":"binary-expr","locations":[{"start":{"line":382,"column":8},"end":{"line":382,"column":null}},{"start":{"line":383,"column":8},"end":{"line":383,"column":null}}],"line":382},"32":{"loc":{"start":{"line":405,"column":6},"end":{"line":411,"column":null}},"type":"if","locations":[{"start":{"line":405,"column":6},"end":{"line":411,"column":null}},{"start":{},"end":{}}],"line":405},"33":{"loc":{"start":{"line":419,"column":30},"end":{"line":421,"column":null}},"type":"cond-expr","locations":[{"start":{"line":420,"column":12},"end":{"line":420,"column":null}},{"start":{"line":421,"column":12},"end":{"line":421,"column":null}}],"line":419},"34":{"loc":{"start":{"line":422,"column":25},"end":{"line":424,"column":null}},"type":"cond-expr","locations":[{"start":{"line":423,"column":12},"end":{"line":423,"column":null}},{"start":{"line":424,"column":12},"end":{"line":424,"column":null}}],"line":422},"35":{"loc":{"start":{"line":433,"column":24},"end":{"line":433,"column":null}},"type":"cond-expr","locations":[{"start":{"line":433,"column":46},"end":{"line":433,"column":59}},{"start":{"line":433,"column":59},"end":{"line":433,"column":null}}],"line":433},"36":{"loc":{"start":{"line":433,"column":59},"end":{"line":433,"column":null}},"type":"binary-expr","locations":[{"start":{"line":433,"column":59},"end":{"line":433,"column":73}},{"start":{"line":433,"column":73},"end":{"line":433,"column":null}}],"line":433},"37":{"loc":{"start":{"line":450,"column":6},"end":{"line":452,"column":null}},"type":"if","locations":[{"start":{"line":450,"column":6},"end":{"line":452,"column":null}},{"start":{},"end":{}}],"line":450},"38":{"loc":{"start":{"line":455,"column":6},"end":{"line":461,"column":null}},"type":"if","locations":[{"start":{"line":455,"column":6},"end":{"line":461,"column":null}},{"start":{},"end":{}}],"line":455},"39":{"loc":{"start":{"line":482,"column":6},"end":{"line":507,"column":null}},"type":"switch","locations":[{"start":{"line":483,"column":8},"end":{"line":487,"column":null}},{"start":{"line":488,"column":8},"end":{"line":492,"column":null}},{"start":{"line":493,"column":8},"end":{"line":496,"column":null}},{"start":{"line":497,"column":8},"end":{"line":501,"column":null}},{"start":{"line":502,"column":8},"end":{"line":506,"column":null}}],"line":482},"40":{"loc":{"start":{"line":512,"column":18},"end":{"line":512,"column":null}},"type":"cond-expr","locations":[{"start":{"line":512,"column":28},"end":{"line":512,"column":37}},{"start":{"line":512,"column":37},"end":{"line":512,"column":null}}],"line":512},"41":{"loc":{"start":{"line":516,"column":6},"end":{"line":518,"column":null}},"type":"if","locations":[{"start":{"line":516,"column":6},"end":{"line":518,"column":null}},{"start":{},"end":{}}],"line":516},"42":{"loc":{"start":{"line":517,"column":35},"end":{"line":517,"column":null}},"type":"binary-expr","locations":[{"start":{"line":517,"column":35},"end":{"line":517,"column":51}},{"start":{"line":517,"column":51},"end":{"line":517,"column":null}}],"line":517},"43":{"loc":{"start":{"line":550,"column":4},"end":{"line":550,"column":null}},"type":"default-arg","locations":[{"start":{"line":550,"column":12},"end":{"line":550,"column":null}}],"line":550},"44":{"loc":{"start":{"line":551,"column":4},"end":{"line":551,"column":null}},"type":"default-arg","locations":[{"start":{"line":551,"column":18},"end":{"line":551,"column":null}}],"line":551},"45":{"loc":{"start":{"line":575,"column":6},"end":{"line":575,"column":null}},"type":"if","locations":[{"start":{"line":575,"column":6},"end":{"line":575,"column":null}},{"start":{},"end":{}}],"line":575},"46":{"loc":{"start":{"line":576,"column":13},"end":{"line":576,"column":null}},"type":"binary-expr","locations":[{"start":{"line":576,"column":13},"end":{"line":576,"column":21}},{"start":{"line":576,"column":21},"end":{"line":576,"column":null}}],"line":576}},"s":{"0":1,"1":2,"2":2,"3":2,"4":1,"5":1,"6":1,"7":1,"8":1,"9":0,"10":0,"11":0,"12":0,"13":0,"14":0,"15":0,"16":0,"17":2,"18":2,"19":2,"20":0,"21":2,"22":0,"23":0,"24":0,"25":0,"26":0,"27":0,"28":0,"29":0,"30":0,"31":2,"32":2,"33":2,"34":0,"35":2,"36":1,"37":1,"38":0,"39":0,"40":0,"41":0,"42":0,"43":0,"44":0,"45":0,"46":0,"47":0,"48":1,"49":1,"50":1,"51":0,"52":1,"53":0,"54":0,"55":0,"56":0,"57":0,"58":0,"59":0,"60":0,"61":0,"62":0,"63":0,"64":0,"65":0,"66":0,"67":0,"68":0,"69":0,"70":0,"71":0,"72":0,"73":0,"74":0,"75":0,"76":0,"77":0,"78":0,"79":0,"80":0,"81":5,"82":4,"83":0,"84":4,"85":1,"86":1,"87":0,"88":0,"89":0,"90":0,"91":0,"92":0,"93":0,"94":4,"95":4,"96":4,"97":4,"98":1,"99":3,"100":0,"101":0,"102":0,"103":0,"104":3,"105":0,"106":0,"107":0,"108":0,"109":0,"110":0,"111":0,"112":0,"113":0,"114":0,"115":0,"116":0,"117":0,"118":0,"119":0,"120":0,"121":0,"122":0,"123":0,"124":0,"125":0,"126":0,"127":0,"128":0,"129":0,"130":0,"131":0,"132":0,"133":0,"134":0,"135":0,"136":0,"137":0,"138":2,"139":2,"140":4,"141":4,"142":2,"143":0,"144":0,"145":0,"146":0,"147":0,"148":0,"149":0,"150":0,"151":0,"152":0,"153":1},"f":{"0":1,"1":2,"2":0,"3":2,"4":0,"5":2,"6":0,"7":1,"8":0,"9":0,"10":0,"11":5,"12":0,"13":0,"14":2,"15":0,"16":0},"b":{"0":[1,1],"1":[0,0],"2":[0,2],"3":[2,1],"4":[0],"5":[0,0],"6":[0,0],"7":[0,2],"8":[2,1],"9":[1,1],"10":[0,0],"11":[0,1],"12":[0,0],"13":[0,0],"14":[0,0],"15":[0,0],"16":[0,0],"17":[0,0],"18":[0,0],"19":[0,0],"20":[0,0],"21":[4,1,0,0],"22":[0,4],"23":[1,0],"24":[1,0],"25":[0,0],"26":[0,0],"27":[1,3],"28":[0,3],"29":[3,2,0],"30":[0,0],"31":[0,0],"32":[0,0],"33":[0,0],"34":[0,0],"35":[0,0],"36":[0,0],"37":[0,0],"38":[0,0],"39":[0,0,0,0,0],"40":[0,0],"41":[0,0],"42":[0,0],"43":[0],"44":[0],"45":[0,0],"46":[0,0]},"meta":{"lastBranch":47,"lastFunction":17,"lastStatement":154,"seen":{"f:29:0:29:6":0,"s:30:2:33:Infinity":0,"f:36:8:36:Infinity":1,"s:39:4:58:Infinity":1,"s:40:30:44:Infinity":2,"b:46:6:46:Infinity:undefined:undefined:undefined:undefined":0,"s:46:6:46:Infinity":3,"s:46:17:46:Infinity":4,"s:49:6:49:Infinity":5,"s:51:6:51:Infinity":6,"s:53:6:56:Infinity":7,"s:57:6:57:Infinity":8,"f:62:8:62:Infinity":2,"s:66:4:86:Infinity":9,"s:67:30:72:Infinity":10,"b:74:6:74:Infinity:undefined:undefined:undefined:undefined":1,"s:74:6:74:Infinity":11,"s:74:17:74:Infinity":12,"s:77:6:77:Infinity":13,"s:79:6:79:Infinity":14,"s:81:6:84:Infinity":15,"s:85:6:85:Infinity":16,"f:90:8:90:56":3,"s:91:4:105:Infinity":17,"s:92:30:96:Infinity":18,"b:98:6:98:Infinity:undefined:undefined:undefined:undefined":2,"s:98:6:98:Infinity":19,"s:98:17:98:Infinity":20,"s:99:6:99:Infinity":21,"b:99:13:99:21:99:21:99:Infinity":3,"s:101:6:103:Infinity":22,"s:104:6:104:Infinity":23,"f:109:8:109:27":4,"b:109:35:109:63":4,"s:110:4:124:Infinity":24,"s:111:30:115:Infinity":25,"b:117:6:117:Infinity:undefined:undefined:undefined:undefined":5,"s:117:6:117:Infinity":26,"s:117:17:117:Infinity":27,"s:118:6:118:Infinity":28,"b:118:13:118:21:118:21:118:Infinity":6,"s:120:6:122:Infinity":29,"s:123:6:123:Infinity":30,"f:128:8:128:Infinity":5,"s:131:4:159:Infinity":31,"s:132:30:136:Infinity":32,"b:138:6:141:Infinity:undefined:undefined:undefined:undefined":7,"s:138:6:141:Infinity":33,"b:138:10:138:19:138:19:138:46":8,"s:140:8:140:Infinity":34,"b:144:6:146:Infinity:undefined:undefined:undefined:undefined":9,"s:144:6:146:Infinity":35,"s:145:8:145:Infinity":36,"s:148:6:148:Infinity":37,"s:150:6:157:Infinity":38,"s:158:6:158:Infinity":39,"f:163:8:163:Infinity":6,"s:166:4:199:Infinity":40,"s:167:27:179:Infinity":41,"s:181:30:185:Infinity":42,"b:187:6:187:Infinity:undefined:undefined:undefined:undefined":10,"s:187:6:187:Infinity":43,"s:187:17:187:Infinity":44,"s:188:6:188:Infinity":45,"s:190:6:197:Infinity":46,"s:198:6:198:Infinity":47,"f:203:8:203:Infinity":7,"s:207:4:227:Infinity":48,"s:208:30:213:Infinity":49,"b:215:6:215:Infinity:undefined:undefined:undefined:undefined":11,"s:215:6:215:Infinity":50,"s:215:17:215:Infinity":51,"s:216:6:216:Infinity":52,"s:218:6:225:Infinity":53,"s:226:6:226:Infinity":54,"f:231:8:231:Infinity":8,"s:235:4:256:Infinity":55,"s:236:30:242:Infinity":56,"b:244:6:246:Infinity:undefined:undefined:undefined:undefined":12,"s:244:6:246:Infinity":57,"b:244:10:244:19:244:19:244:46":13,"s:245:8:245:Infinity":58,"s:248:6:248:Infinity":59,"s:250:6:254:Infinity":60,"s:255:6:255:Infinity":61,"f:260:16:260:Infinity":9,"s:264:4:297:Infinity":62,"s:266:55:270:Infinity":63,"b:272:6:274:Infinity:undefined:undefined:undefined:undefined":14,"s:272:6:274:Infinity":64,"b:272:10:272:24:272:24:272:38":15,"s:273:8:273:Infinity":65,"s:278:8:281:Infinity":66,"b:283:6:285:Infinity:undefined:undefined:undefined:undefined":16,"s:283:6:285:Infinity":67,"s:284:8:284:Infinity":68,"s:288:6:290:Infinity":69,"b:288:25:288:42:288:42:288:46":17,"s:289:8:289:Infinity":70,"s:292:6:296:Infinity":71,"f:301:16:301:Infinity":10,"s:306:4:337:Infinity":72,"s:308:20:308:Infinity":73,"b:309:6:311:Infinity:undefined:undefined:undefined:undefined":18,"s:309:6:311:Infinity":74,"b:309:10:309:20:309:20:309:49":19,"s:310:8:310:Infinity":75,"s:314:67:319:Infinity":76,"s:321:6:330:Infinity":77,"b:322:8:329:Infinity:undefined:undefined:undefined:undefined":20,"s:322:8:329:Infinity":78,"s:323:10:328:Infinity":79,"s:332:6:336:Infinity":80,"f:341:16:341:Infinity":11,"b:348:6:350:Infinity:351:6:353:Infinity:354:6:356:Infinity:357:6:359:Infinity":21,"s:347:4:360:Infinity":81,"b:349:8:349:Infinity:undefined:undefined:undefined:undefined":22,"s:349:8:349:Infinity":82,"s:349:40:349:Infinity":83,"s:350:8:350:Infinity":84,"b:352:8:352:Infinity:undefined:undefined:undefined:undefined":23,"s:352:8:352:Infinity":85,"b:352:12:352:40:352:40:352:61":24,"s:352:61:352:Infinity":86,"s:353:8:353:Infinity":87,"b:355:8:355:Infinity:undefined:undefined:undefined:undefined":25,"s:355:8:355:Infinity":88,"s:355:41:355:Infinity":89,"s:356:8:356:Infinity":90,"b:358:8:358:Infinity:undefined:undefined:undefined:undefined":26,"s:358:8:358:Infinity":91,"s:358:39:358:Infinity":92,"s:359:8:359:Infinity":93,"s:363:27:363:Infinity":94,"s:364:25:364:Infinity":95,"s:365:24:365:Infinity":96,"b:367:4:369:Infinity:undefined:undefined:undefined:undefined":27,"s:367:4:369:Infinity":97,"s:368:6:368:Infinity":98,"b:372:4:387:Infinity:undefined:undefined:undefined:undefined":28,"s:372:4:387:Infinity":99,"b:373:6:373:Infinity:374:6:374:Infinity:375:6:375:Infinity":29,"s:377:18:377:Infinity":100,"s:378:26:378:Infinity":101,"b:381:6:386:Infinity:undefined:undefined:undefined:undefined":30,"s:381:6:386:Infinity":102,"b:382:8:382:Infinity:383:8:383:Infinity":31,"s:385:8:385:Infinity":103,"s:389:4:389:Infinity":104,"f:393:16:393:Infinity":12,"s:399:4:469:Infinity":105,"s:401:23:404:Infinity":106,"b:405:6:411:Infinity:undefined:undefined:undefined:undefined":32,"s:405:6:411:Infinity":107,"s:406:8:409:Infinity":108,"s:410:8:410:Infinity":109,"s:414:24:426:Infinity":110,"b:420:12:420:Infinity:421:12:421:Infinity":33,"b:423:12:423:Infinity:424:12:424:Infinity":34,"s:429:29:432:Infinity":111,"s:433:24:433:Infinity":112,"b:433:46:433:59:433:59:433:Infinity":35,"b:433:59:433:73:433:73:433:Infinity":36,"s:437:8:448:Infinity":113,"b:450:6:452:Infinity:undefined:undefined:undefined:undefined":37,"s:450:6:452:Infinity":114,"s:451:8:451:Infinity":115,"b:455:6:461:Infinity:undefined:undefined:undefined:undefined":38,"s:455:6:461:Infinity":116,"s:456:8:460:Infinity":117,"s:463:6:468:Infinity":118,"f:473:16:473:Infinity":13,"s:478:4:529:Infinity":119,"s:479:20:479:Infinity":120,"b:483:8:487:Infinity:488:8:492:Infinity:493:8:496:Infinity:497:8:501:Infinity:502:8:506:Infinity":39,"s:482:6:507:Infinity":121,"s:486:10:486:Infinity":122,"s:487:10:487:Infinity":123,"s:491:10:491:Infinity":124,"s:492:10:492:Infinity":125,"s:495:10:495:Infinity":126,"s:496:10:496:Infinity":127,"s:500:10:500:Infinity":128,"s:501:10:501:Infinity":129,"s:504:10:504:Infinity":130,"s:505:10:505:Infinity":131,"s:506:10:506:Infinity":132,"s:511:8:514:Infinity":133,"b:512:28:512:37:512:37:512:Infinity":40,"b:516:6:518:Infinity:undefined:undefined:undefined:undefined":41,"s:516:6:518:Infinity":134,"s:517:8:517:Infinity":135,"b:517:35:517:51:517:51:517:Infinity":42,"s:520:6:523:Infinity":136,"s:525:6:528:Infinity":137,"f:533:10:533:Infinity":14,"s:537:19:537:Infinity":138,"s:539:4:542:Infinity":139,"s:540:26:540:Infinity":140,"s:541:6:541:Infinity":141,"s:544:4:544:Infinity":142,"f:548:8:548:Infinity":15,"b:550:12:550:Infinity":43,"b:551:18:551:Infinity":44,"s:553:4:583:Infinity":143,"s:554:20:568:Infinity":144,"s:573:30:573:Infinity":145,"b:575:6:575:Infinity:undefined:undefined:undefined:undefined":45,"s:575:6:575:Infinity":146,"s:575:17:575:Infinity":147,"s:576:6:576:Infinity":148,"b:576:13:576:21:576:21:576:Infinity":46,"s:578:6:581:Infinity":149,"s:582:6:582:Infinity":150,"f:587:8:587:Infinity":16,"s:593:4:595:Infinity":151,"s:596:4:596:Infinity":152,"s:600:41:600:Infinity":153}}}
,"/home/runner/work/astro-maskom/astro-maskom/src/lib/security/audit.ts": {"path":"/home/runner/work/astro-maskom/astro-maskom/src/lib/security/audit.ts","statementMap":{"0":{"start":{"line":16,"column":2},"end":{"line":19,"column":null}},"1":{"start":{"line":30,"column":22},"end":{"line":30,"column":null}},"2":{"start":{"line":32,"column":65},"end":{"line":41,"column":null}},"3":{"start":{"line":43,"column":4},"end":{"line":65,"column":null}},"4":{"start":{"line":44,"column":24},"end":{"line":46,"column":null}},"5":{"start":{"line":48,"column":6},"end":{"line":50,"column":null}},"6":{"start":{"line":49,"column":8},"end":{"line":49,"column":null}},"7":{"start":{"line":53,"column":6},"end":{"line":62,"column":null}},"8":{"start":{"line":54,"column":8},"end":{"line":61,"column":null}},"9":{"start":{"line":64,"column":6},"end":{"line":64,"column":null}},"10":{"start":{"line":74,"column":4},"end":{"line":99,"column":null}},"11":{"start":{"line":76,"column":29},"end":{"line":76,"column":null}},"12":{"start":{"line":78,"column":6},"end":{"line":87,"column":null}},"13":{"start":{"line":79,"column":8},"end":{"line":86,"column":null}},"14":{"start":{"line":90,"column":6},"end":{"line":96,"column":null}},"15":{"start":{"line":98,"column":6},"end":{"line":98,"column":null}},"16":{"start":{"line":111,"column":6},"end":{"line":118,"column":null}},"17":{"start":{"line":120,"column":4},"end":{"line":135,"column":null}},"18":{"start":{"line":121,"column":24},"end":{"line":123,"column":null}},"19":{"start":{"line":125,"column":6},"end":{"line":127,"column":null}},"20":{"start":{"line":126,"column":8},"end":{"line":126,"column":null}},"21":{"start":{"line":130,"column":6},"end":{"line":132,"column":null}},"22":{"start":{"line":131,"column":8},"end":{"line":131,"column":null}},"23":{"start":{"line":134,"column":6},"end":{"line":134,"column":null}},"24":{"start":{"line":143,"column":4},"end":{"line":169,"column":null}},"25":{"start":{"line":144,"column":18},"end":{"line":148,"column":null}},"26":{"start":{"line":150,"column":6},"end":{"line":152,"column":null}},"27":{"start":{"line":151,"column":8},"end":{"line":151,"column":null}},"28":{"start":{"line":154,"column":6},"end":{"line":156,"column":null}},"29":{"start":{"line":155,"column":8},"end":{"line":155,"column":null}},"30":{"start":{"line":158,"column":30},"end":{"line":158,"column":null}},"31":{"start":{"line":160,"column":6},"end":{"line":163,"column":null}},"32":{"start":{"line":161,"column":8},"end":{"line":161,"column":null}},"33":{"start":{"line":162,"column":8},"end":{"line":162,"column":null}},"34":{"start":{"line":165,"column":6},"end":{"line":165,"column":null}},"35":{"start":{"line":167,"column":6},"end":{"line":167,"column":null}},"36":{"start":{"line":168,"column":6},"end":{"line":168,"column":null}},"37":{"start":{"line":177,"column":4},"end":{"line":203,"column":null}},"38":{"start":{"line":178,"column":18},"end":{"line":182,"column":null}},"39":{"start":{"line":184,"column":6},"end":{"line":186,"column":null}},"40":{"start":{"line":185,"column":8},"end":{"line":185,"column":null}},"41":{"start":{"line":188,"column":6},"end":{"line":190,"column":null}},"42":{"start":{"line":189,"column":8},"end":{"line":189,"column":null}},"43":{"start":{"line":192,"column":30},"end":{"line":192,"column":null}},"44":{"start":{"line":194,"column":6},"end":{"line":197,"column":null}},"45":{"start":{"line":195,"column":8},"end":{"line":195,"column":null}},"46":{"start":{"line":196,"column":8},"end":{"line":196,"column":null}},"47":{"start":{"line":199,"column":6},"end":{"line":199,"column":null}},"48":{"start":{"line":201,"column":6},"end":{"line":201,"column":null}},"49":{"start":{"line":202,"column":6},"end":{"line":202,"column":null}},"50":{"start":{"line":211,"column":4},"end":{"line":213,"column":null}},"51":{"start":{"line":212,"column":6},"end":{"line":212,"column":null}},"52":{"start":{"line":215,"column":28},"end":{"line":222,"column":null}},"53":{"start":{"line":224,"column":4},"end":{"line":226,"column":null}},"54":{"start":{"line":225,"column":6},"end":{"line":225,"column":null}},"55":{"start":{"line":228,"column":30},"end":{"line":232,"column":null}},"56":{"start":{"line":234,"column":4},"end":{"line":236,"column":null}},"57":{"start":{"line":235,"column":6},"end":{"line":235,"column":null}},"58":{"start":{"line":238,"column":4},"end":{"line":238,"column":null}},"59":{"start":{"line":245,"column":4},"end":{"line":263,"column":null}},"60":{"start":{"line":246,"column":20},"end":{"line":246,"column":null}},"61":{"start":{"line":248,"column":31},"end":{"line":252,"column":null}},"62":{"start":{"line":254,"column":6},"end":{"line":257,"column":null}},"63":{"start":{"line":255,"column":8},"end":{"line":255,"column":null}},"64":{"start":{"line":256,"column":8},"end":{"line":256,"column":null}},"65":{"start":{"line":259,"column":6},"end":{"line":259,"column":null}},"66":{"start":{"line":261,"column":6},"end":{"line":261,"column":null}},"67":{"start":{"line":262,"column":6},"end":{"line":262,"column":null}},"68":{"start":{"line":270,"column":4},"end":{"line":277,"column":null}},"69":{"start":{"line":280,"column":4},"end":{"line":288,"column":null}},"70":{"start":{"line":281,"column":6},"end":{"line":285,"column":null}},"71":{"start":{"line":287,"column":6},"end":{"line":287,"column":null}},"72":{"start":{"line":292,"column":35},"end":{"line":292,"column":null}}},"fnMap":{"0":{"name":"(anonymous_0)","decl":{"start":{"line":15,"column":7},"end":{"line":15,"column":13}},"loc":{"start":{"line":15,"column":7},"end":{"line":19,"column":null}},"line":15},"1":{"name":"(anonymous_1)","decl":{"start":{"line":21,"column":8},"end":{"line":21,"column":null}},"loc":{"start":{"line":29,"column":19},"end":{"line":66,"column":null}},"line":29},"2":{"name":"(anonymous_2)","decl":{"start":{"line":68,"column":8},"end":{"line":68,"column":null}},"loc":{"start":{"line":73,"column":19},"end":{"line":100,"column":null}},"line":73},"3":{"name":"(anonymous_3)","decl":{"start":{"line":102,"column":8},"end":{"line":102,"column":null}},"loc":{"start":{"line":109,"column":19},"end":{"line":136,"column":null}},"line":109},"4":{"name":"(anonymous_4)","decl":{"start":{"line":138,"column":8},"end":{"line":138,"column":null}},"loc":{"start":{"line":142,"column":30},"end":{"line":170,"column":null}},"line":142},"5":{"name":"(anonymous_5)","decl":{"start":{"line":172,"column":8},"end":{"line":172,"column":null}},"loc":{"start":{"line":176,"column":33},"end":{"line":204,"column":null}},"line":176},"6":{"name":"(anonymous_6)","decl":{"start":{"line":206,"column":10},"end":{"line":206,"column":null}},"loc":{"start":{"line":210,"column":15},"end":{"line":239,"column":null}},"line":210},"7":{"name":"(anonymous_7)","decl":{"start":{"line":241,"column":16},"end":{"line":241,"column":null}},"loc":{"start":{"line":244,"column":21},"end":{"line":264,"column":null}},"line":244},"8":{"name":"(anonymous_8)","decl":{"start":{"line":266,"column":16},"end":{"line":266,"column":null}},"loc":{"start":{"line":268,"column":19},"end":{"line":289,"column":null}},"line":268}},"branchMap":{"0":{"loc":{"start":{"line":48,"column":6},"end":{"line":50,"column":null}},"type":"if","locations":[{"start":{"line":48,"column":6},"end":{"line":50,"column":null}},{"start":{},"end":{}}],"line":48},"1":{"loc":{"start":{"line":53,"column":6},"end":{"line":62,"column":null}},"type":"if","locations":[{"start":{"line":53,"column":6},"end":{"line":62,"column":null}},{"start":{},"end":{}}],"line":53},"2":{"loc":{"start":{"line":53,"column":10},"end":{"line":53,"column":76}},"type":"binary-expr","locations":[{"start":{"line":53,"column":10},"end":{"line":53,"column":42}},{"start":{"line":53,"column":42},"end":{"line":53,"column":76}}],"line":53},"3":{"loc":{"start":{"line":78,"column":6},"end":{"line":87,"column":null}},"type":"if","locations":[{"start":{"line":78,"column":6},"end":{"line":87,"column":null}},{"start":{},"end":{}}],"line":78},"4":{"loc":{"start":{"line":115,"column":20},"end":{"line":115,"column":null}},"type":"binary-expr","locations":[{"start":{"line":115,"column":20},"end":{"line":115,"column":33}},{"start":{"line":115,"column":33},"end":{"line":115,"column":null}}],"line":115},"5":{"loc":{"start":{"line":116,"column":21},"end":{"line":116,"column":null}},"type":"binary-expr","locations":[{"start":{"line":116,"column":21},"end":{"line":116,"column":36}},{"start":{"line":116,"column":36},"end":{"line":116,"column":null}}],"line":116},"6":{"loc":{"start":{"line":125,"column":6},"end":{"line":127,"column":null}},"type":"if","locations":[{"start":{"line":125,"column":6},"end":{"line":127,"column":null}},{"start":{},"end":{}}],"line":125},"7":{"loc":{"start":{"line":130,"column":6},"end":{"line":132,"column":null}},"type":"if","locations":[{"start":{"line":130,"column":6},"end":{"line":132,"column":null}},{"start":{},"end":{}}],"line":130},"8":{"loc":{"start":{"line":141,"column":4},"end":{"line":141,"column":null}},"type":"default-arg","locations":[{"start":{"line":141,"column":20},"end":{"line":141,"column":null}}],"line":141},"9":{"loc":{"start":{"line":150,"column":6},"end":{"line":152,"column":null}},"type":"if","locations":[{"start":{"line":150,"column":6},"end":{"line":152,"column":null}},{"start":{},"end":{}}],"line":150},"10":{"loc":{"start":{"line":154,"column":6},"end":{"line":156,"column":null}},"type":"if","locations":[{"start":{"line":154,"column":6},"end":{"line":156,"column":null}},{"start":{},"end":{}}],"line":154},"11":{"loc":{"start":{"line":160,"column":6},"end":{"line":163,"column":null}},"type":"if","locations":[{"start":{"line":160,"column":6},"end":{"line":163,"column":null}},{"start":{},"end":{}}],"line":160},"12":{"loc":{"start":{"line":165,"column":13},"end":{"line":165,"column":null}},"type":"binary-expr","locations":[{"start":{"line":165,"column":13},"end":{"line":165,"column":21}},{"start":{"line":165,"column":21},"end":{"line":165,"column":null}}],"line":165},"13":{"loc":{"start":{"line":175,"column":4},"end":{"line":175,"column":null}},"type":"default-arg","locations":[{"start":{"line":175,"column":20},"end":{"line":175,"column":null}}],"line":175},"14":{"loc":{"start":{"line":184,"column":6},"end":{"line":186,"column":null}},"type":"if","locations":[{"start":{"line":184,"column":6},"end":{"line":186,"column":null}},{"start":{},"end":{}}],"line":184},"15":{"loc":{"start":{"line":188,"column":6},"end":{"line":190,"column":null}},"type":"if","locations":[{"start":{"line":188,"column":6},"end":{"line":190,"column":null}},{"start":{},"end":{}}],"line":188},"16":{"loc":{"start":{"line":194,"column":6},"end":{"line":197,"column":null}},"type":"if","locations":[{"start":{"line":194,"column":6},"end":{"line":197,"column":null}},{"start":{},"end":{}}],"line":194},"17":{"loc":{"start":{"line":199,"column":13},"end":{"line":199,"column":null}},"type":"binary-expr","locations":[{"start":{"line":199,"column":13},"end":{"line":199,"column":21}},{"start":{"line":199,"column":21},"end":{"line":199,"column":null}}],"line":199},"18":{"loc":{"start":{"line":211,"column":4},"end":{"line":213,"column":null}},"type":"if","locations":[{"start":{"line":211,"column":4},"end":{"line":213,"column":null}},{"start":{},"end":{}}],"line":211},"19":{"loc":{"start":{"line":224,"column":4},"end":{"line":226,"column":null}},"type":"if","locations":[{"start":{"line":224,"column":4},"end":{"line":226,"column":null}},{"start":{},"end":{}}],"line":224},"20":{"loc":{"start":{"line":234,"column":4},"end":{"line":236,"column":null}},"type":"if","locations":[{"start":{"line":234,"column":4},"end":{"line":236,"column":null}},{"start":{},"end":{}}],"line":234},"21":{"loc":{"start":{"line":254,"column":6},"end":{"line":257,"column":null}},"type":"if","locations":[{"start":{"line":254,"column":6},"end":{"line":257,"column":null}},{"start":{},"end":{}}],"line":254},"22":{"loc":{"start":{"line":259,"column":13},"end":{"line":259,"column":null}},"type":"binary-expr","locations":[{"start":{"line":259,"column":13},"end":{"line":259,"column":22}},{"start":{"line":259,"column":22},"end":{"line":259,"column":null}}],"line":259}},"s":{"0":1,"1":2,"2":2,"3":2,"4":2,"5":2,"6":0,"7":2,"8":0,"9":0,"10":1,"11":1,"12":1,"13":0,"14":1,"15":0,"16":1,"17":1,"18":1,"19":1,"20":0,"21":1,"22":0,"23":0,"24":0,"25":0,"26":0,"27":0,"28":0,"29":0,"30":0,"31":0,"32":0,"33":0,"34":0,"35":0,"36":0,"37":0,"38":0,"39":0,"40":0,"41":0,"42":0,"43":0,"44":0,"45":0,"46":0,"47":0,"48":0,"49":0,"50":2,"51":0,"52":2,"53":2,"54":0,"55":2,"56":2,"57":0,"58":2,"59":1,"60":1,"61":1,"62":1,"63":0,"64":0,"65":1,"66":0,"67":0,"68":0,"69":0,"70":0,"71":0,"72":1},"f":{"0":1,"1":2,"2":1,"3":1,"4":0,"5":0,"6":2,"7":1,"8":0},"b":{"0":[0,2],"1":[0,2],"2":[2,2],"3":[0,1],"4":[1,0],"5":[1,0],"6":[0,1],"7":[0,1],"8":[0],"9":[0,0],"10":[0,0],"11":[0,0],"12":[0,0],"13":[0],"14":[0,0],"15":[0,0],"16":[0,0],"17":[0,0],"18":[0,2],"19":[0,2],"20":[0,2],"21":[0,1],"22":[1,1]},"meta":{"lastBranch":23,"lastFunction":9,"lastStatement":73,"seen":{"f:15:7:15:13":0,"s:16:2:19:Infinity":0,"f:21:8:21:Infinity":1,"s:30:22:30:Infinity":1,"s:32:65:41:Infinity":2,"s:43:4:65:Infinity":3,"s:44:24:46:Infinity":4,"b:48:6:50:Infinity:undefined:undefined:undefined:undefined":0,"s:48:6:50:Infinity":5,"s:49:8:49:Infinity":6,"b:53:6:62:Infinity:undefined:undefined:undefined:undefined":1,"s:53:6:62:Infinity":7,"b:53:10:53:42:53:42:53:76":2,"s:54:8:61:Infinity":8,"s:64:6:64:Infinity":9,"f:68:8:68:Infinity":2,"s:74:4:99:Infinity":10,"s:76:29:76:Infinity":11,"b:78:6:87:Infinity:undefined:undefined:undefined:undefined":3,"s:78:6:87:Infinity":12,"s:79:8:86:Infinity":13,"s:90:6:96:Infinity":14,"s:98:6:98:Infinity":15,"f:102:8:102:Infinity":3,"s:111:6:118:Infinity":16,"b:115:20:115:33:115:33:115:Infinity":4,"b:116:21:116:36:116:36:116:Infinity":5,"s:120:4:135:Infinity":17,"s:121:24:123:Infinity":18,"b:125:6:127:Infinity:undefined:undefined:undefined:undefined":6,"s:125:6:127:Infinity":19,"s:126:8:126:Infinity":20,"b:130:6:132:Infinity:undefined:undefined:undefined:undefined":7,"s:130:6:132:Infinity":21,"s:131:8:131:Infinity":22,"s:134:6:134:Infinity":23,"f:138:8:138:Infinity":4,"b:141:20:141:Infinity":8,"s:143:4:169:Infinity":24,"s:144:18:148:Infinity":25,"b:150:6:152:Infinity:undefined:undefined:undefined:undefined":9,"s:150:6:152:Infinity":26,"s:151:8:151:Infinity":27,"b:154:6:156:Infinity:undefined:undefined:undefined:undefined":10,"s:154:6:156:Infinity":28,"s:155:8:155:Infinity":29,"s:158:30:158:Infinity":30,"b:160:6:163:Infinity:undefined:undefined:undefined:undefined":11,"s:160:6:163:Infinity":31,"s:161:8:161:Infinity":32,"s:162:8:162:Infinity":33,"s:165:6:165:Infinity":34,"b:165:13:165:21:165:21:165:Infinity":12,"s:167:6:167:Infinity":35,"s:168:6:168:Infinity":36,"f:172:8:172:Infinity":5,"b:175:20:175:Infinity":13,"s:177:4:203:Infinity":37,"s:178:18:182:Infinity":38,"b:184:6:186:Infinity:undefined:undefined:undefined:undefined":14,"s:184:6:186:Infinity":39,"s:185:8:185:Infinity":40,"b:188:6:190:Infinity:undefined:undefined:undefined:undefined":15,"s:188:6:190:Infinity":41,"s:189:8:189:Infinity":42,"s:192:30:192:Infinity":43,"b:194:6:197:Infinity:undefined:undefined:undefined:undefined":16,"s:194:6:197:Infinity":44,"s:195:8:195:Infinity":45,"s:196:8:196:Infinity":46,"s:199:6:199:Infinity":47,"b:199:13:199:21:199:21:199:Infinity":17,"s:201:6:201:Infinity":48,"s:202:6:202:Infinity":49,"f:206:10:206:Infinity":6,"b:211:4:213:Infinity:undefined:undefined:undefined:undefined":18,"s:211:4:213:Infinity":50,"s:212:6:212:Infinity":51,"s:215:28:222:Infinity":52,"b:224:4:226:Infinity:undefined:undefined:undefined:undefined":19,"s:224:4:226:Infinity":53,"s:225:6:225:Infinity":54,"s:228:30:232:Infinity":55,"b:234:4:236:Infinity:undefined:undefined:undefined:undefined":20,"s:234:4:236:Infinity":56,"s:235:6:235:Infinity":57,"s:238:4:238:Infinity":58,"f:241:16:241:Infinity":7,"s:245:4:263:Infinity":59,"s:246:20:246:Infinity":60,"s:248:31:252:Infinity":61,"b:254:6:257:Infinity:undefined:undefined:undefined:undefined":21,"s:254:6:257:Infinity":62,"s:255:8:255:Infinity":63,"s:256:8:256:Infinity":64,"s:259:6:259:Infinity":65,"b:259:13:259:22:259:22:259:Infinity":22,"s:261:6:261:Infinity":66,"s:262:6:262:Infinity":67,"f:266:16:266:Infinity":8,"s:270:4:277:Infinity":68,"s:280:4:288:Infinity":69,"s:281:6:285:Infinity":70,"s:287:6:287:Infinity":71,"s:292:35:292:Infinity":72}}}
,"/home/runner/work/astro-maskom/astro-maskom/src/lib/security/data-protection.ts": {"path":"/home/runner/work/astro-maskom/astro-maskom/src/lib/security/data-protection.ts","statementMap":{"0":{"start":{"line":6,"column":2},"end":{"line":9,"column":null}},"1":{"start":{"line":11,"column":2},"end":{"line":15,"column":null}},"2":{"start":{"line":18,"column":4},"end":{"line":33,"column":null}},"3":{"start":{"line":19,"column":17},"end":{"line":19,"column":null}},"4":{"start":{"line":20,"column":21},"end":{"line":24,"column":null}},"5":{"start":{"line":26,"column":22},"end":{"line":26,"column":null}},"6":{"start":{"line":27,"column":6},"end":{"line":27,"column":null}},"7":{"start":{"line":29,"column":6},"end":{"line":29,"column":null}},"8":{"start":{"line":31,"column":6},"end":{"line":31,"column":null}},"9":{"start":{"line":32,"column":6},"end":{"line":32,"column":null}},"10":{"start":{"line":37,"column":4},"end":{"line":55,"column":null}},"11":{"start":{"line":38,"column":20},"end":{"line":38,"column":null}},"12":{"start":{"line":39,"column":17},"end":{"line":39,"column":null}},"13":{"start":{"line":40,"column":24},"end":{"line":40,"column":null}},"14":{"start":{"line":42,"column":23},"end":{"line":46,"column":null}},"15":{"start":{"line":48,"column":22},"end":{"line":48,"column":null}},"16":{"start":{"line":49,"column":6},"end":{"line":49,"column":null}},"17":{"start":{"line":51,"column":6},"end":{"line":51,"column":null}},"18":{"start":{"line":53,"column":6},"end":{"line":53,"column":null}},"19":{"start":{"line":54,"column":6},"end":{"line":54,"column":null}},"20":{"start":{"line":59,"column":17},"end":{"line":59,"column":null}},"21":{"start":{"line":60,"column":17},"end":{"line":62,"column":null}},"22":{"start":{"line":63,"column":4},"end":{"line":63,"column":null}},"23":{"start":{"line":67,"column":4},"end":{"line":76,"column":null}},"24":{"start":{"line":68,"column":27},"end":{"line":68,"column":null}},"25":{"start":{"line":69,"column":25},"end":{"line":71,"column":null}},"26":{"start":{"line":72,"column":6},"end":{"line":72,"column":null}},"27":{"start":{"line":74,"column":6},"end":{"line":74,"column":null}},"28":{"start":{"line":75,"column":6},"end":{"line":75,"column":null}},"29":{"start":{"line":88,"column":4},"end":{"line":112,"column":null}},"30":{"start":{"line":89,"column":61},"end":{"line":97,"column":null}},"31":{"start":{"line":99,"column":24},"end":{"line":101,"column":null}},"32":{"start":{"line":103,"column":6},"end":{"line":106,"column":null}},"33":{"start":{"line":104,"column":8},"end":{"line":104,"column":null}},"34":{"start":{"line":105,"column":8},"end":{"line":105,"column":null}},"35":{"start":{"line":108,"column":6},"end":{"line":108,"column":null}},"36":{"start":{"line":110,"column":6},"end":{"line":110,"column":null}},"37":{"start":{"line":111,"column":6},"end":{"line":111,"column":null}},"38":{"start":{"line":119,"column":4},"end":{"line":150,"column":null}},"39":{"start":{"line":120,"column":39},"end":{"line":128,"column":null}},"40":{"start":{"line":130,"column":6},"end":{"line":132,"column":null}},"41":{"start":{"line":131,"column":8},"end":{"line":131,"column":null}},"42":{"start":{"line":135,"column":6},"end":{"line":144,"column":null}},"43":{"start":{"line":136,"column":27},"end":{"line":136,"column":null}},"44":{"start":{"line":137,"column":8},"end":{"line":139,"column":null}},"45":{"start":{"line":141,"column":8},"end":{"line":143,"column":null}},"46":{"start":{"line":142,"column":10},"end":{"line":142,"column":null}},"47":{"start":{"line":146,"column":6},"end":{"line":146,"column":null}},"48":{"start":{"line":148,"column":6},"end":{"line":148,"column":null}},"49":{"start":{"line":149,"column":6},"end":{"
[...]
90,"column":18}},"loc":{"start":{"line":290,"column":58},"end":{"line":308,"column":null}},"line":290}},"branchMap":{"0":{"loc":{"start":{"line":15,"column":4},"end":{"line":15,"column":null}},"type":"default-arg","locations":[{"start":{"line":15,"column":29},"end":{"line":15,"column":null}}],"line":15},"1":{"loc":{"start":{"line":37,"column":6},"end":{"line":40,"column":null}},"type":"if","locations":[{"start":{"line":37,"column":6},"end":{"line":40,"column":null}},{"start":{},"end":{}}],"line":37},"2":{"loc":{"start":{"line":64,"column":6},"end":{"line":66,"column":null}},"type":"if","locations":[{"start":{"line":64,"column":6},"end":{"line":66,"column":null}},{"start":{},"end":{}}],"line":64},"3":{"loc":{"start":{"line":64,"column":10},"end":{"line":64,"column":29}},"type":"binary-expr","locations":[{"start":{"line":64,"column":10},"end":{"line":64,"column":19}},{"start":{"line":64,"column":19},"end":{"line":64,"column":29}}],"line":64},"4":{"loc":{"start":{"line":69,"column":6},"end":{"line":72,"column":null}},"type":"if","locations":[{"start":{"line":69,"column":6},"end":{"line":72,"column":null}},{"start":{},"end":{}}],"line":69},"5":{"loc":{"start":{"line":69,"column":10},"end":{"line":69,"column":57}},"type":"binary-expr","locations":[{"start":{"line":69,"column":10},"end":{"line":69,"column":23}},{"start":{"line":69,"column":23},"end":{"line":69,"column":57}}],"line":69},"6":{"loc":{"start":{"line":94,"column":6},"end":{"line":97,"column":null}},"type":"if","locations":[{"start":{"line":94,"column":6},"end":{"line":97,"column":null}},{"start":{},"end":{}}],"line":94},"7":{"loc":{"start":{"line":120,"column":6},"end":{"line":122,"column":null}},"type":"if","locations":[{"start":{"line":120,"column":6},"end":{"line":122,"column":null}},{"start":{},"end":{}}],"line":120},"8":{"loc":{"start":{"line":126,"column":6},"end":{"line":129,"column":null}},"type":"if","locations":[{"start":{"line":126,"column":6},"end":{"line":129,"column":null}},{"start":{},"end":{}}],"line":126},"9":{"loc":{"start":{"line":140,"column":4},"end":{"line":140,"column":null}},"type":"default-arg","locations":[{"start":{"line":140,"column":32},"end":{"line":140,"column":null}}],"line":140},"10":{"loc":{"start":{"line":155,"column":6},"end":{"line":158,"column":null}},"type":"if","locations":[{"start":{"line":155,"column":6},"end":{"line":158,"column":null}},{"start":{},"end":{}}],"line":155},"11":{"loc":{"start":{"line":178,"column":6},"end":{"line":181,"column":null}},"type":"if","locations":[{"start":{"line":178,"column":6},"end":{"line":181,"column":null}},{"start":{},"end":{}}],"line":178},"12":{"loc":{"start":{"line":200,"column":6},"end":{"line":203,"column":null}},"type":"if","locations":[{"start":{"line":200,"column":6},"end":{"line":203,"column":null}},{"start":{},"end":{}}],"line":200},"13":{"loc":{"start":{"line":220,"column":6},"end":{"line":223,"column":null}},"type":"if","locations":[{"start":{"line":220,"column":6},"end":{"line":223,"column":null}},{"start":{},"end":{}}],"line":220},"14":{"loc":{"start":{"line":225,"column":13},"end":{"line":225,"column":null}},"type":"binary-expr","locations":[{"start":{"line":225,"column":13},"end":{"line":225,"column":22}},{"start":{"line":225,"column":22},"end":{"line":225,"column":null}}],"line":225},"15":{"loc":{"start":{"line":239,"column":6},"end":{"line":241,"column":null}},"type":"if","locations":[{"start":{"line":239,"column":6},"end":{"line":241,"column":null}},{"start":{},"end":{}}],"line":239},"16":{"loc":{"start":{"line":253,"column":6},"end":{"line":255,"column":null}},"type":"if","locations":[{"start":{"line":253,"column":6},"end":{"line":255,"column":null}},{"start":{},"end":{}}],"line":253},"17":{"loc":{"start":{"line":299,"column":8},"end":{"line":301,"column":null}},"type":"if","locations":[{"start":{"line":299,"column":8},"end":{"line":301,"column":null}},{"start":{},"end":{}}],"line":299},"18":{"loc":{"start":{"line":299,"column":12},"end":{"line":299,"column":31}},"type":"binary-expr","locations":[{"start":{"line":299,"column":12},"end":{"line":299,"column":21}},{"start":{"line":299,"column":21},"end":{"line":299,"column":31}}],"line":299}},"s":{"0":1,"1":2,"2":2,"3":2,"4":2,"5":2,"6":2,"7":0,"8":0,"9":2,"10":0,"11":0,"12":1,"13":1,"14":1,"15":1,"16":1,"17":0,"18":0,"19":0,"20":0,"21":0,"22":0,"23":0,"24":1,"25":1,"26":1,"27":0,"28":0,"29":1,"30":0,"31":0,"32":0,"33":0,"34":0,"35":0,"36":0,"37":0,"38":0,"39":0,"40":0,"41":0,"42":0,"43":0,"44":0,"45":0,"46":0,"47":0,"48":0,"49":0,"50":0,"51":0,"52":0,"53":0,"54":0,"55":0,"56":0,"57":0,"58":0,"59":0,"60":0,"61":0,"62":0,"63":0,"64":0,"65":0,"66":0,"67":0,"68":0,"69":0,"70":0,"71":0,"72":0,"73":0,"74":0,"75":0,"76":0,"77":0,"78":0,"79":0,"80":0,"81":0,"82":0,"83":0,"84":0,"85":0,"86":0,"87":0,"88":0,"89":0,"90":0,"91":0,"92":0,"93":0,"94":0,"95":0,"96":0,"97":0,"98":0,"99":0,"100":0,"101":0,"102":0,"103":0,"104":0,"105":0,"106":0,"107":0,"108":1},"f":{"0":1,"1":2,"2":1,"3":1,"4":0,"5":0,"6":0,"7":0,"8":0,"9":0,"10":0,"11":0,"12":0,"13":0,"14":0,"15":0,"16":0,"17":0},"b":{"0":[2],"1":[0,2],"2":[1,0],"3":[1,1],"4":[0,0],"5":[0,0],"6":[0,1],"7":[0,0],"8":[0,0],"9":[0],"10":[0,0],"11":[0,0],"12":[0,0],"13":[0,0],"14":[0,0],"15":[0,0],"16":[0,0],"17":[0,0],"18":[0,0]},"meta":{"lastBranch":19,"lastFunction":18,"lastStatement":109,"seen":{"f:5:7:5:13":0,"s:6:2:9:Infinity":0,"f:11:8:11:Infinity":1,"b:15:29:15:Infinity":0,"s:17:4:46:Infinity":1,"s:18:24:18:Infinity":2,"s:19:24:19:Infinity":3,"s:21:51:31:Infinity":4,"s:33:24:35:Infinity":5,"b:37:6:40:Infinity:undefined:undefined:undefined:undefined":1,"s:37:6:40:Infinity":6,"s:38:8:38:Infinity":7,"s:39:8:39:Infinity":8,"s:42:6:42:Infinity":9,"s:44:6:44:Infinity":10,"s:45:6:45:Infinity":11,"f:49:8:49:Infinity":2,"s:53:4:81:Infinity":12,"s:54:18:60:Infinity":13,"s:62:39:62:Infinity":14,"b:64:6:66:Infinity:undefined:undefined:undefined:undefined":2,"s:64:6:66:Infinity":15,"b:64:10:64:19:64:19:64:29":3,"s:65:8:65:Infinity":16,"b:69:6:72:Infinity:undefined:undefined:undefined:undefined":4,"s:69:6:72:Infinity":17,"b:69:10:69:23:69:23:69:57":5,"s:70:8:70:Infinity":18,"s:71:8:71:Infinity":19,"s:75:6:75:Infinity":20,"s:77:6:77:Infinity":21,"s:79:6:79:Infinity":22,"s:80:6:80:Infinity":23,"f:84:8:84:26":3,"s:85:4:103:Infinity":24,"s:86:24:92:Infinity":25,"b:94:6:97:Infinity:undefined:undefined:undefined:undefined":6,"s:94:6:97:Infinity":26,"s:95:8:95:Infinity":27,"s:96:8:96:Infinity":28,"s:99:6:99:Infinity":29,"s:101:6:101:Infinity":30,"s:102:6:102:Infinity":31,"f:106:8:106:Infinity":4,"s:110:4:135:Infinity":32,"s:111:18:118:Infinity":33,"b:120:6:122:Infinity:undefined:undefined:undefined:undefined":7,"s:120:6:122:Infinity":34,"s:121:8:121:Infinity":35,"s:124:24:124:Infinity":36,"b:126:6:129:Infinity:undefined:undefined:undefined:undefined":8,"s:126:6:129:Infinity":37,"s:127:8:127:Infinity":38,"s:128:8:128:Infinity":39,"s:131:6:131:Infinity":40,"s:133:6:133:Infinity":41,"s:134:6:134:Infinity":42,"f:138:8:138:Infinity":5,"b:140:32:140:Infinity":9,"s:142:4:164:Infinity":43,"s:143:27:143:Infinity":44,"s:145:24:153:Infinity":45,"b:155:6:158:Infinity:undefined:undefined:undefined:undefined":10,"s:155:6:158:Infinity":46,"s:156:8:156:Infinity":47,"s:157:8:157:Infinity":48,"s:160:6:160:Infinity":49,"s:162:6:162:Infinity":50,"s:163:6:163:Infinity":51,"f:167:8:167:28":6,"s:168:4:187:Infinity":52,"s:169:24:176:Infinity":53,"b:178:6:181:Infinity:undefined:undefined:undefined:undefined":11,"s:178:6:181:Infinity":54,"s:179:8:179:Infinity":55,"s:180:8:180:Infinity":56,"s:183:6:183:Infinity":57,"s:185:6:185:Infinity":58,"s:186:6:186:Infinity":59,"f:190:8:190:30":7,"s:191:4:209:Infinity":60,"s:192:40:198:Infinity":61,"b:200:6:203:Infinity:undefined:undefined:undefined:undefined":12,"s:200:6:203:Infinity":62,"s:201:8:201:Infinity":63,"s:202:8:202:Infinity":64,"s:205:6:205:Infinity":65,"s:207:6:207:Infinity":66,"s:208:6:208:Infinity":67,"f:212:8:212:50":8,"s:213:4:229:Infinity":68,"s:214:31:218:Infinity":69,"b:220:6:223:Infinity:undefined:undefined:undefined:undefined":13,"s:220:6:223:Infinity":70,"s:221:8:221:Infinity":71,"s:222:8:222:Infinity":72,"s:225:6:225:Infinity":73,"b:225:13:225:22:225:22:225:Infinity":14,"s:227:6:227:Infinity":74,"s:228:6:228:Infinity":75,"f:232:8:232:33":9,"s:233:4:261:Infinity":76,"s:234:23:234:Infinity":77,"s:235:52:235:Infinity":78,"s:238:26:238:Infinity":79,"f:238:47:238:52":10,"s:238:52:238:64":80,"b:239:6:241:Infinity:undefined:undefined:undefined:undefined":15,"s:239:6:241:Infinity":81,"s:240:8:240:Infinity":82,"s:244:24:244:Infinity":83,"s:245:26:247:Infinity":84,"f:246:8:246:13":11,"s:246:13:246:Infinity":85,"s:248:6:248:Infinity":86,"s:251:25:251:Infinity":87,"f:251:38:251:43":12,"s:251:43:251:55":88,"s:252:31:252:Infinity":89,"b:253:6:255:Infinity:undefined:undefined:undefined:undefined":16,"s:253:6:255:Infinity":90,"s:254:8:254:Infinity":91,"s:257:6:257:Infinity":92,"s:259:6:259:Infinity":93,"s:260:6:260:Infinity":94,"f:264:16:264:38":13,"s:265:4:275:Infinity":95,"s:266:6:272:Infinity":96,"s:274:6:274:Infinity":97,"f:279:2:279:24":14,"s:280:4:285:Infinity":98,"f:280:11:280:Infinity":15,"s:284:6:284:Infinity":99,"f:289:2:289:27":16,"s:290:4:308:Infinity":100,"f:290:11:290:18":17,"s:291:6:307:Infinity":101,"s:292:41:297:Infinity":102,"b:299:8:301:Infinity:undefined:undefined:undefined:undefined":17,"s:299:8:301:Infinity":103,"b:299:12:299:21:299:21:299:31":18,"s:300:10:300:Infinity":104,"s:303:8:303:Infinity":105,"s:305:8:305:Infinity":106,"s:306:8:306:Infinity":107,"s:312:30:312:Infinity":108}}}
,"/home/runner/work/astro-maskom/astro-maskom/src/lib/security/types.ts": {"path":"/home/runner/work/astro-maskom/astro-maskom/src/lib/security/types.ts","statementMap":{"0":{"start":{"line":64,"column":7},"end":{"line":64,"column":null}},"1":{"start":{"line":65,"column":2},"end":{"line":65,"column":null}},"2":{"start":{"line":66,"column":2},"end":{"line":66,"column":null}},"3":{"start":{"line":67,"column":2},"end":{"line":67,"column":null}},"4":{"start":{"line":68,"column":2},"end":{"line":68,"column":null}},"5":{"start":{"line":69,"column":2},"end":{"line":69,"column":null}},"6":{"start":{"line":70,"column":2},"end":{"line":70,"column":null}},"7":{"start":{"line":71,"column":2},"end":{"line":71,"column":null}},"8":{"start":{"line":72,"column":2},"end":{"line":72,"column":null}},"9":{"start":{"line":73,"column":2},"end":{"line":73,"column":null}},"10":{"start":{"line":74,"column":2},"end":{"line":74,"column":null}},"11":{"start":{"line":75,"column":2},"end":{"line":75,"column":null}},"12":{"start":{"line":76,"column":2},"end":{"line":76,"column":null}},"13":{"start":{"line":77,"column":2},"end":{"line":77,"column":null}},"14":{"start":{"line":78,"column":2},"end":{"line":78,"column":null}},"15":{"start":{"line":64,"column":12},"end":{"line":64,"column":null}},"16":{"start":{"line":81,"column":7},"end":{"line":81,"column":null}},"17":{"start":{"line":82,"column":2},"end":{"line":82,"column":null}},"18":{"start":{"line":83,"column":2},"end":{"line":83,"column":null}},"19":{"start":{"line":84,"column":2},"end":{"line":84,"column":null}},"20":{"start":{"line":85,"column":2},"end":{"line":85,"column":null}},"21":{"start":{"line":86,"column":2},"end":{"line":86,"column":null}},"22":{"start":{"line":87,"column":2},"end":{"line":87,"column":null}},"23":{"start":{"line":88,"column":2},"end":{"line":88,"column":null}},"24":{"start":{"line":81,"column":12},"end":{"line":81,"column":null}},"25":{"start":{"line":91,"column":7},"end":{"line":91,"column":null}},"26":{"start":{"line":92,"column":2},"end":{"line":92,"column":null}},"27":{"start":{"line":93,"column":2},"end":{"line":93,"column":null}},"28":{"start":{"line":94,"column":2},"end":{"line":94,"column":null}},"29":{"start":{"line":95,"column":2},"end":{"line":95,"column":null}},"30":{"start":{"line":91,"column":12},"end":{"line":91,"column":null}},"31":{"start":{"line":98,"column":7},"end":{"line":98,"column":null}},"32":{"start":{"line":99,"column":2},"end":{"line":99,"column":null}},"33":{"start":{"line":100,"column":2},"end":{"line":100,"column":null}},"34":{"start":{"line":101,"column":2},"end":{"line":101,"column":null}},"35":{"start":{"line":102,"column":2},"end":{"line":102,"column":null}},"36":{"start":{"line":98,"column":12},"end":{"line":98,"column":null}},"37":{"start":{"line":105,"column":7},"end":{"line":105,"column":null}},"38":{"start":{"line":106,"column":2},"end":{"line":106,"column":null}},"39":{"start":{"line":107,"column":2},"end":{"line":107,"column":null}},"40":{"start":{"line":108,"column":2},"end":{"line":108,"column":null}},"41":{"start":{"line":109,"column":2},"end":{"line":109,"column":null}},"42":{"start":{"line":105,"column":12},"end":{"line":105,"column":null}},"43":{"start":{"line":112,"column":7},"end":{"line":112,"column":null}},"44":{"start":{"line":113,"column":2},"end":{"line":113,"column":null}},"45":{"start":{"line":114,"column":2},"end":{"line":114,"column":null}},"46":{"start":{"line":115,"column":2},"end":{"line":115,"column":null}},"47":{"start":{"line":116,"column":2},"end":{"line":116,"column":null}},"48":{"start":{"line":117,"column":2},"end":{"line":117,"column":null}},"49":{"start":{"line":118,"column":2},"end":{"line":118,"column":null}},"50":{"start":{"line":119,"column":2},"end":{"line":119,"column":null}},"51":{"start":{"line":120,"column":2},"end":{"line":120,"column":null}},"52":{"start":{"line":121,"column":2},"end":{"line":121,"column":null}},"53":{"start":{"line":122,"column":2},"end":{"line":122,"column":null}},"54":{"start":{"line":123,"column":2},"end":{"line":123,"column":null}},"55":{"start":{"line":124,"column":2},"end":{"line":124,"column":null}},"56":{"start":{"line":112,"column":12},"end":{"line":112,"column":null}},"57":{"start":{"line":127,"column":7},"end":{"line":127,"column":null}},"58":{"start":{"line":128,"column":2},"end":{"line":128,"column":null}},"59":{"start":{"line":129,"column":2},"end":{"line":129,"column":null}},"60":{"start":{"line":130,"column":2},"end":{"line":130,"column":null}},"61":{"start":{"line":131,"column":2},"end":{"line":131,"column":null}},"62":{"start":{"line":132,"column":2},"end":{"line":132,"column":null}},"63":{"start":{"line":127,"column":12},"end":{"line":127,"column":null}}},"fnMap":{"0":{"name":"(anonymous_0)","decl":{"start":{"line":64,"column":7},"end":{"line":64,"column":12}},"loc":{"start":{"line":64,"column":7},"end":{"line":64,"column":null}},"line":64},"1":{"name":"(anonymous_1)","decl":{"start":{"line":81,"column":7},"end":{"line":81,"column":12}},"loc":{"start":{"line":81,"column":7},"end":{"line":81,"column":null}},"line":81},"2":{"name":"(anonymous_2)","decl":{"start":{"line":91,"column":7},"end":{"line":91,"column":12}},"loc":{"start":{"line":91,"column":7},"end":{"line":91,"column":null}},"line":91},"3":{"name":"(anonymous_3)","decl":{"start":{"line":98,"column":7},"end":{"line":98,"column":12}},"loc":{"start":{"line":98,"column":7},"end":{"line":98,"column":null}},"line":98},"4":{"name":"(anonymous_4)","decl":{"start":{"line":105,"column":7},"end":{"line":105,"column":12}},"loc":{"start":{"line":105,"column":7},"end":{"line":105,"column":null}},"line":105},"5":{"name":"(anonymous_5)","decl":{"start":{"line":112,"column":7},"end":{"line":112,"column":12}},"loc":{"start":{"line":112,"column":7},"end":{"line":112,"column":null}},"line":112},"6":{"name":"(anonymous_6)","decl":{"start":{"line":127,"column":7},"end":{"line":127,"column":12}},"loc":{"start":{"line":127,"column":7},"end":{"line":127,"column":null}},"line":127}},"branchMap":{"0":{"loc":{"start":{"line":64,"column":12},"end":{"line":64,"column":null}},"type":"binary-expr","locations":[{"start":{"line":64,"column":12},"end":{"line":64,"column":null}},{"start":{"line":64,"column":12},"end":{"line":64,"column":null}}],"line":64},"1":{"loc":{"start":{"line":81,"column":12},"end":{"line":81,"column":null}},"type":"binary-expr","locations":[{"start":{"line":81,"column":12},"end":{"line":81,"column":null}},{"start":{"line":81,"column":12},"end":{"line":81,"column":null}}],"line":81},"2":{"loc":{"start":{"line":91,"column":12},"end":{"line":91,"column":null}},"type":"binary-expr","locations":[{"start":{"line":91,"column":12},"end":{"line":91,"column":null}},{"start":{"line":91,"column":12},"end":{"line":91,"column":null}}],"line":91},"3":{"loc":{"start":{"line":98,"column":12},"end":{"line":98,"column":null}},"type":"binary-expr","locations":[{"start":{"line":98,"column":12},"end":{"line":98,"column":null}},{"start":{"line":98,"column":12},"end":{"line":98,"column":null}}],"line":98},"4":{"loc":{"start":{"line":105,"column":12},"end":{"line":105,"column":null}},"type":"binary-expr","locations":[{"start":{"line":105,"column":12},"end":{"line":105,"column":null}},{"start":{"line":105,"column":12},"end":{"line":105,"column":null}}],"line":105},"5":{"loc":{"start":{"line":112,"column":12},"end":{"line":112,"column":null}},"type":"binary-expr","locations":[{"start":{"line":112,"column":12},"end":{"line":112,"column":null}},{"start":{"line":112,"column":12},"end":{"line":112,"column":null}}],"line":112},"6":{"loc":{"start":{"line":127,"column":12},"end":{"line":127,"column":null}},"type":"binary-expr","locations":[{"start":{"line":127,"column":12},"end":{"line":127,"column":null}},{"start":{"line":127,"column":12},"end":{"line":127,"column":null}}],"line":127}},"s":{"0":1,"1":1,"2":1,"3":1,"4":1,"5":1,"6":1,"7":1,"8":1,"9":1,"10":1,"11":1,"12":1,"13":1,"14":1,"15":1,"16":1,"17":1,"18":1,"19":1,"20":1,"21":1,"22":1,"23":1,"24":1,"25":1,"26":1,"27":1,"28":1,"29":1,"30":1,"31":1,"32":1,"33":1,"34":1,"35":1,"36":1,"37":1,"38":1,"39":1,"40":1,"41":1,"42":1,"43":1,"44":1,"45":1,"46":1,"47":1,"48":1,"49":1,"50":1,"51":1,"52":1,"53":1,"54":1,"55":1,"56":1,"57":1,"58":1,"59":1,"60":1,"61":1,"62":1,"63":1},"f":{"0":1,"1":1,"2":1,"3":1,"4":1,"5":1,"6":1},"b":{"0":[1,1],"1":[1,1],"2":[1,1],"3":[1,1],"4":[1,1],"5":[1,1],"6":[1,1]},"meta":{"lastBranch":7,"lastFunction":7,"lastStatement":64,"seen":{"s:64:7:64:Infinity":0,"f:64:7:64:12":0,"s:65:2:65:Infinity":1,"s:66:2:66:Infinity":2,"s:67:2:67:Infinity":3,"s:68:2:68:Infinity":4,"s:69:2:69:Infinity":5,"s:70:2:70:Infinity":6,"s:71:2:71:Infinity":7,"s:72:2:72:Infinity":8,"s:73:2:73:Infinity":9,"s:74:2:74:Infinity":10,"s:75:2:75:Infinity":11,"s:76:2:76:Infinity":12,"s:77:2:77:Infinity":13,"s:78:2:78:Infinity":14,"s:64:12:64:Infinity":15,"b:64:12:64:Infinity:64:12:64:Infinity":0,"s:81:7:81:Infinity":16,"f:81:7:81:12":1,"s:82:2:82:Infinity":17,"s:83:2:83:Infinity":18,"s:84:2:84:Infinity":19,"s:85:2:85:Infinity":20,"s:86:2:86:Infinity":21,"s:87:2:87:Infinity":22,"s:88:2:88:Infinity":23,"s:81:12:81:Infinity":24,"b:81:12:81:Infinity:81:12:81:Infinity":1,"s:91:7:91:Infinity":25,"f:91:7:91:12":2,"s:92:2:92:Infinity":26,"s:93:2:93:Infinity":27,"s:94:2:94:Infinity":28,"s:95:2:95:Infinity":29,"s:91:12:91:Infinity":30,"b:91:12:91:Infinity:91:12:91:Infinity":2,"s:98:7:98:Infinity":31,"f:98:7:98:12":3,"s:99:2:99:Infinity":32,"s:100:2:100:Infinity":33,"s:101:2:101:Infinity":34,"s:102:2:102:Infinity":35,"s:98:12:98:Infinity":36,"b:98:12:98:Infinity:98:12:98:Infinity":3,"s:105:7:105:Infinity":37,"f:105:7:105:12":4,"s:106:2:106:Infinity":38,"s:107:2:107:Infinity":39,"s:108:2:108:Infinity":40,"s:109:2:109:Infinity":41,"s:105:12:105:Infinity":42,"b:105:12:105:Infinity:105:12:105:Infinity":4,"s:112:7:112:Infinity":43,"f:112:7:112:12":5,"s:113:2:113:Infinity":44,"s:114:2:114:Infinity":45,"s:115:2:115:Infinity":46,"s:116:2:116:Infinity":47,"s:117:2:117:Infinity":48,"s:118:2:118:Infinity":49,"s:119:2:119:Infinity":50,"s:120:2:120:Infinity":51,"s:121:2:121:Infinity":52,"s:122:2:122:Infinity":53,"s:123:2:123:Infinity":54,"s:124:2:124:Infinity":55,"s:112:12:112:Infinity":56,"b:112:12:112:Infinity:112:12:112:Infinity":5,"s:127:7:127:Infinity":57,"f:127:7:127:12":6,"s:128:2:128:Infinity":58,"s:129:2:129:Infinity":59,"s:130:2:130:Infinity":60,"s:131:2:131:Infinity":61,"s:132:2:132:Infinity":62,"s:127:12:127:Infinity":63,"b:127:12:127:Infinity:127:12:127:Infinity":6}}}
}
